        -:    0:Source:cardtest4.c
        -:    0:Graph:cardtest4.gcno
        -:    0:Data:cardtest4.gcda
        -:    0:Runs:2
        -:    0:Programs:1
        -:    1:#include "dominion.h"
        -:    2:#include "dominion_helpers.h"
        -:    3:#include "rngs.h"
        -:    4:#include <stdio.h>
        -:    5:#include <math.h>
        -:    6:#include <stdlib.h>
        -:    7:#include <assert.h>
        -:    8:
        -:    9://note updatecoin function not working expected coin should be 6 but it become 3
        -:   10:
        2:   11:int main(){
        -:   12:	struct gameState g;
        -:   13:	int i, ret, bonus;
        2:   14:	bonus = 0;
        -:   15:	
        -:   16:	  int k[10] = {adventurer, gardens, embargo, village, minion, mine, cutpurse, 
        2:   17:	       sea_hag, tribute,smithy};
        -:   18:
        2:   19:	printf ("Starting game.\n");
        -:   20:	
        2:   21:	initializeGame(2, k, 5, &g);
        -:   22:		   
        -:   23:	//g.coins = 0;
        -:   24:	//g.outpostPlayed = 0;
        2:   25:	g.hand[0][0] = outpost;
        -:   26:	
        2:   27:	printf("handcount is %d \n", g.handCount[0]);
        2:   28:	printf("g.outpostPlayed is %d \n", g.outpostPlayed);
        -:   29:	
        2:   30:	assert(g.handCount[0] == 5);
        -:   31:
        -:   32:	
        -:   33:	//cardEffect(card, choice1, choice2, choice3, state, handPos, &coin_bonus)
        -:   34:	//playCard(0,-1,-1,-1, &g);
        2:   35:	cardEffect(embargo, smithy, -1, -1, &g, 0, &bonus);
        -:   36:	
        2:   37:	printf("handcount is %d \n", g.handCount[0]);
        -:   38:	
        -:   39:	//assert( g.embargoTokens[smithy] == 1);
        2:   40:	printf("g.outpostPlayed is %d \n", g.outpostPlayed);
        -:   41:	
        -:   42:	//assert(g.handCount[0] == 8);
        -:   43:	//assert(g.numBuys == 2);
        -:   44:	
        -:   45:	//assert(g.handCount[0] == 9);
        2:   46:	printf ("outpost switch statement works \n");
        2:   47:	return 0;
        -:   48:}