        -:    0:Source:cardtest3.c
        -:    0:Graph:cardtest3.gcno
        -:    0:Data:cardtest3.gcda
        -:    0:Runs:2
        -:    0:Programs:1
        -:    1:#include "dominion.h"
        -:    2:#include "dominion_helpers.h"
        -:    3:#include "rngs.h"
        -:    4:#include <stdio.h>
        -:    5:#include <math.h>
        -:    6:#include <stdlib.h>
        -:    7:#include <assert.h>
        -:    8:
        -:    9://note updatecoin function not working expected coin should be 6 but it become 3
        -:   10:
        2:   11:int main(){
        -:   12:	struct gameState g;
        -:   13:	int i, ret, bonus;
        2:   14:	bonus = 0;
        -:   15:	
        -:   16:	  int k[10] = {adventurer, gardens, embargo, village, minion, mine, cutpurse, 
        2:   17:	       sea_hag, tribute,smithy};
        -:   18:
        2:   19:	printf ("Starting game.\n");
        -:   20:	
        2:   21:	initializeGame(2, k, 5, &g);
        -:   22:		   
        -:   23:	//g.coins = 0;
        2:   24:	g.embargoTokens[smithy] = 0;
        2:   25:	g.hand[0][0] = embargo;
        -:   26:	
        2:   27:	printf("handcount is %d \n", g.handCount[0]);
        2:   28:	printf("coin is %d \n", g.coins);
        -:   29:	
        2:   30:	assert(g.handCount[0] == 5);
        2:   31:	assert(g.coins == 4);
        -:   32:	
        -:   33:	//cardEffect(card, choice1, choice2, choice3, state, handPos, &coin_bonus)
        2:   34:	playCard(0,smithy,-1,-1, &g);
        -:   35:	//cardeffect(embargo, smithy, -1, -1, &g, 0, &bonus);
        -:   36:	
        2:   37:	printf("handcount is %d \n", g.handCount[0]);
        2:   38:	printf("coin is %d \n", g.coins);
        -:   39:	
        2:   40:	assert( g.embargoTokens[smithy] == 1);
        2:   41:	printf("g.embargoTokens[smithy] is : %d \n", g.embargoTokens[smithy]);
        -:   42:	
        -:   43:	//assert(g.handCount[0] == 8);
        -:   44:	//assert(g.numBuys == 2);
        -:   45:	
        -:   46:	//assert(g.handCount[0] == 9);
        2:   47:	printf ("embargo switch statement works \n");
        2:   48:	return 0;
        -:   49:}