        -:    0:Source:dominion.c
        -:    0:Graph:dominion.gcno
        -:    0:Data:dominion.gcda
        -:    0:Runs:1
        -:    0:Programs:1
        -:    1:#include "dominion.h"
        -:    2:#include "dominion_helpers.h"
        -:    3:#include "rngs.h"
        -:    4:#include <stdio.h>
        -:    5:#include <math.h>
        -:    6:#include <stdlib.h>
        -:    7:
 12729535:    8:int compare(const void* a, const void* b) {
 12729535:    9:  if (*(int*)a > *(int*)b)
  1803337:   10:    return 1;
 10926198:   11:  if (*(int*)a < *(int*)b)
   249564:   12:    return -1;
 10676634:   13:  return 0;
        -:   14:}
        -:   15:
    #####:   16:struct gameState* newGame() {
    #####:   17:  struct gameState* g = malloc(sizeof(struct gameState));
    #####:   18:  return g;
        -:   19:}
        -:   20:
    #####:   21:int* kingdomCards(int k1, int k2, int k3, int k4, int k5, int k6, int k7,
        -:   22:		  int k8, int k9, int k10) {
    #####:   23:  int* k = malloc(10 * sizeof(int));
    #####:   24:  k[0] = k1;
    #####:   25:  k[1] = k2;
    #####:   26:  k[2] = k3;
    #####:   27:  k[3] = k4;
    #####:   28:  k[4] = k5;
    #####:   29:  k[5] = k6;
    #####:   30:  k[6] = k7;
    #####:   31:  k[7] = k8;
    #####:   32:  k[8] = k9;
    #####:   33:  k[9] = k10;
    #####:   34:  return k;
        -:   35:}
        -:   36:
    20000:   37:int initializeGame(int numPlayers, int kingdomCards[10], int randomSeed,
        -:   38:		   struct gameState *state) {
        -:   39:
        -:   40:  int i;
        -:   41:  int j;
        -:   42:  int it;			
        -:   43:  //set up random number generator
    20000:   44:  SelectStream(1);
    20000:   45:  PutSeed((long)randomSeed);
        -:   46:  
        -:   47:  //check number of players
    20000:   48:  if (numPlayers > MAX_PLAYERS || numPlayers < 2)
        -:   49:    {
    #####:   50:      return -1;
        -:   51:    }
        -:   52:
        -:   53:  //set number of players
    20000:   54:  state->numPlayers = numPlayers;
        -:   55:
        -:   56:  //check selected kingdom cards are different
   220000:   57:  for (i = 0; i < 10; i++)
        -:   58:    {
  2200000:   59:      for (j = 0; j < 10; j++)
        -:   60:        {
  2000000:   61:	  if (j != i && kingdomCards[j] == kingdomCards[i])
        -:   62:	    {
    #####:   63:	      return -1;
        -:   64:	    }
        -:   65:        }
        -:   66:    }
        -:   67:
        -:   68:
        -:   69:  //initialize supply
        -:   70:  ///////////////////////////////
        -:   71:
        -:   72:  //set number of Curse cards
    20000:   73:  if (numPlayers == 2)
        -:   74:    {
    20000:   75:      state->supplyCount[curse] = 10;
        -:   76:    }
    #####:   77:  else if (numPlayers == 3)
        -:   78:    {
    #####:   79:      state->supplyCount[curse] = 20;
        -:   80:    }
        -:   81:  else
        -:   82:    {
    #####:   83:      state->supplyCount[curse] = 30;
        -:   84:    }
        -:   85:
        -:   86:  //set number of Victory cards
    20000:   87:  if (numPlayers == 2)
        -:   88:    {
    20000:   89:      state->supplyCount[estate] = 8;
    20000:   90:      state->supplyCount[duchy] = 8;
    20000:   91:      state->supplyCount[province] = 8;
        -:   92:    }
        -:   93:  else
        -:   94:    {
    #####:   95:      state->supplyCount[estate] = 12;
    #####:   96:      state->supplyCount[duchy] = 12;
    #####:   97:      state->supplyCount[province] = 12;
        -:   98:    }
        -:   99:
        -:  100:  //set number of Treasure cards
    20000:  101:  state->supplyCount[copper] = 60 - (7 * numPlayers);
    20000:  102:  state->supplyCount[silver] = 40;
    20000:  103:  state->supplyCount[gold] = 30;
        -:  104:
        -:  105:  //set number of Kingdom cards
   420000:  106:  for (i = adventurer; i <= treasure_map; i++)       	//loop all cards
        -:  107:    {
  3300000:  108:      for (j = 0; j < 10; j++)           		//loop chosen cards
        -:  109:	{
  3100000:  110:	  if (kingdomCards[j] == i)
        -:  111:	    {
        -:  112:	      //check if card is a 'Victory' Kingdom card
   220000:  113:	      if (kingdomCards[j] == great_hall || kingdomCards[j] == gardens)
        -:  114:		{
    20000:  115:		  if (numPlayers == 2){ 
    20000:  116:		    state->supplyCount[i] = 8; 
        -:  117:		  }
    #####:  118:		  else{ state->supplyCount[i] = 12; }
        -:  119:		}
        -:  120:	      else
        -:  121:		{
   180000:  122:		  state->supplyCount[i] = 10;
        -:  123:		}
   200000:  124:	      break;
        -:  125:	    }
        -:  126:	  else    //card is not in the set choosen for the game
        -:  127:	    {
  2900000:  128:	      state->supplyCount[i] = -1;
        -:  129:	    }
        -:  130:	}
        -:  131:
        -:  132:    }
        -:  133:
        -:  134:  ////////////////////////
        -:  135:  //supply intilization complete
        -:  136:
        -:  137:  //set player decks
    60000:  138:  for (i = 0; i < numPlayers; i++)
        -:  139:    {
    40000:  140:      state->deckCount[i] = 0;
   160000:  141:      for (j = 0; j < 3; j++)
        -:  142:	{
   120000:  143:	  state->deck[i][j] = estate;
   120000:  144:	  state->deckCount[i]++;
        -:  145:	}
   320000:  146:      for (j = 3; j < 10; j++)
        -:  147:	{
   280000:  148:	  state->deck[i][j] = copper;
   280000:  149:	  state->deckCount[i]++;		
        -:  150:	}
        -:  151:    }
        -:  152:
        -:  153:  //shuffle player decks
    60000:  154:  for (i = 0; i < numPlayers; i++)
        -:  155:    {
    40000:  156:      if ( shuffle(i, state) < 0 )
        -:  157:	{
    #####:  158:	  return -1;
        -:  159:	}
        -:  160:    }
        -:  161:
        -:  162:  //draw player hands
    60000:  163:  for (i = 0; i < numPlayers; i++)
        -:  164:    {  
        -:  165:      //initialize hand size to zero
    40000:  166:      state->handCount[i] = 0;
    40000:  167:      state->discardCount[i] = 0;
        -:  168:      //draw 5 cards
        -:  169:      // for (j = 0; j < 5; j++)
        -:  170:      //	{
        -:  171:      //	  drawCard(i, state);
        -:  172:      //	}
        -:  173:    }
        -:  174:  
        -:  175:  //set embargo tokens to 0 for all supply piles
   560000:  176:  for (i = 0; i <= treasure_map; i++)
        -:  177:    {
   540000:  178:      state->embargoTokens[i] = 0;
        -:  179:    }
        -:  180:
        -:  181:  //initialize first player's turn
    20000:  182:  state->outpostPlayed = 0;
    20000:  183:  state->phase = 0;
    20000:  184:  state->numActions = 1;
    20000:  185:  state->numBuys = 1;
    20000:  186:  state->playedCardCount = 0;
    20000:  187:  state->whoseTurn = 0;
    20000:  188:  state->handCount[state->whoseTurn] = 0;
        -:  189:  //int it; move to top
        -:  190:
        -:  191:  //Moved draw cards to here, only drawing at the start of a turn
   120000:  192:  for (it = 0; it < 5; it++){
   100000:  193:    drawCard(state->whoseTurn, state);
        -:  194:  }
        -:  195:
    20000:  196:  updateCoins(state->whoseTurn, state, 0);
        -:  197:
    20000:  198:  return 0;
        -:  199:}
        -:  200:
  1274524:  201:int shuffle(int player, struct gameState *state) {
        -:  202: 
        -:  203:
        -:  204:  int newDeck[MAX_DECK];
  1274524:  205:  int newDeckPos = 0;
        -:  206:  int card;
        -:  207:  int i;
        -:  208:
  1274524:  209:  if (state->deckCount[player] < 1)
  1221317:  210:    return -1;
    53207:  211:  qsort ((void*)(state->deck[player]), state->deckCount[player], sizeof(int), compare); 
        -:  212:  /* SORT CARDS IN DECK TO ENSURE DETERMINISM! */
        -:  213:
  3150519:  214:  while (state->deckCount[player] > 0) {
  3044105:  215:    card = floor(Random() * state->deckCount[player]);
  3044105:  216:    newDeck[newDeckPos] = state->deck[player][card];
  3044105:  217:    newDeckPos++;
217582960:  218:    for (i = card; i < state->deckCount[player]-1; i++) {
214538855:  219:      state->deck[player][i] = state->deck[player][i+1];
        -:  220:    }
  3044105:  221:    state->deckCount[player]--;
        -:  222:  }
  3097312:  223:  for (i = 0; i < newDeckPos; i++) {
  3044105:  224:    state->deck[player][i] = newDeck[i];
  3044105:  225:    state->deckCount[player]++;
        -:  226:  }
        -:  227:
    53207:  228:  return 0;
        -:  229:}
        -:  230:
    #####:  231:int playCard(int handPos, int choice1, int choice2, int choice3, struct gameState *state) 
        -:  232:{	
        -:  233:  int card;
    #####:  234:  int coin_bonus = 0; 		//tracks coins gain from actions
        -:  235:
        -:  236:  //check if it is the right phase
    #####:  237:  if (state->phase != 0)
        -:  238:    {
    #####:  239:      return -1;
        -:  240:    }
        -:  241:	
        -:  242:  //check if player has enough actions
    #####:  243:  if ( state->numActions < 1 )
        -:  244:    {
    #####:  245:      return -1;
        -:  246:    }
        -:  247:	
        -:  248:  //get card played
    #####:  249:  card = handCard(handPos, state);
        -:  250:	
        -:  251:  //check if selected card is an action
    #####:  252:  if ( card < adventurer || card > treasure_map )
        -:  253:    {
    #####:  254:      return -1;
        -:  255:    }
        -:  256:	
        -:  257:  //play card
    #####:  258:  if ( cardEffect(card, choice1, choice2, choice3, state, handPos, &coin_bonus) < 0 )
        -:  259:    {
    #####:  260:      return -1;
        -:  261:    }
        -:  262:	
        -:  263:  //reduce number of actions
    #####:  264:  state->numActions--;
        -:  265:
        -:  266:  //update coins (Treasure cards may be added with card draws)
    #####:  267:  updateCoins(state->whoseTurn, state, coin_bonus);
        -:  268:	
    #####:  269:  return 0;
        -:  270:}
        -:  271:
    #####:  272:int buyCard(int supplyPos, struct gameState *state) {
        -:  273:  int who;
    #####:  274:  if (DEBUG){
        -:  275:    printf("Entering buyCard...\n");
        -:  276:  }
        -:  277:
        -:  278:  // I don't know what to do about the phase thing.
        -:  279:
    #####:  280:  who = state->whoseTurn;
        -:  281:
    #####:  282:  if (state->numBuys < 1){
    #####:  283:    if (DEBUG)
        -:  284:      printf("You do not have any buys left\n");
    #####:  285:    return -1;
    #####:  286:  } else if (supplyCount(supplyPos, state) <1){
    #####:  287:    if (DEBUG)
        -:  288:      printf("There are not any of that type of card left\n");
    #####:  289:    return -1;
    #####:  290:  } else if (state->coins < getCost(supplyPos)){
    #####:  291:    if (DEBUG) 
        -:  292:      printf("You do not have enough money to buy that. You have %d coins.\n", state->coins);
    #####:  293:    return -1;
        -:  294:  } else {
    #####:  295:    state->phase=1;
        -:  296:    //state->supplyCount[supplyPos]--;
    #####:  297:    gainCard(supplyPos, state, 0, who); //card goes in discard, this might be wrong.. (2 means goes into hand, 0 goes into discard)
        -:  298:  
    #####:  299:    state->coins = (state->coins) - (getCost(supplyPos));
    #####:  300:    state->numBuys--;
    #####:  301:    if (DEBUG)
        -:  302:      printf("You bought card number %d for %d coins. You now have %d buys and %d coins.\n", supplyPos, getCost(supplyPos), state->numBuys, state->coins);
        -:  303:  }
        -:  304:
        -:  305:  //state->discard[who][state->discardCount[who]] = supplyPos;
        -:  306:  //state->discardCount[who]++;
        -:  307:    
    #####:  308:  return 0;
        -:  309:}
        -:  310:
    #####:  311:int numHandCards(struct gameState *state) {
    #####:  312:  return state->handCount[ whoseTurn(state) ];
        -:  313:}
        -:  314:
    #####:  315:int handCard(int handPos, struct gameState *state) {
    #####:  316:  int currentPlayer = whoseTurn(state);
    #####:  317:  return state->hand[currentPlayer][handPos];
        -:  318:}
        -:  319:
    #####:  320:int supplyCount(int card, struct gameState *state) {
    #####:  321:  return state->supplyCount[card];
        -:  322:}
        -:  323:
    #####:  324:int fullDeckCount(int player, int card, struct gameState *state) {
        -:  325:  int i;
    #####:  326:  int count = 0;
        -:  327:
    #####:  328:  for (i = 0; i < state->deckCount[player]; i++)
        -:  329:    {
    #####:  330:      if (state->deck[player][i] == card) count++;
        -:  331:    }
        -:  332:
    #####:  333:  for (i = 0; i < state->handCount[player]; i++)
        -:  334:    {
    #####:  335:      if (state->hand[player][i] == card) count++;
        -:  336:    }
        -:  337:
    #####:  338:  for (i = 0; i < state->discardCount[player]; i++)
        -:  339:    {
    #####:  340:      if (state->discard[player][i] == card) count++;
        -:  341:    }
        -:  342:
    #####:  343:  return count;
        -:  344:}
        -:  345:
    41876:  346:int whoseTurn(struct gameState *state) {
    41876:  347:  return state->whoseTurn;
        -:  348:}
        -:  349:
    #####:  350:int endTurn(struct gameState *state) {
        -:  351:  int k;
        -:  352:  int i;
    #####:  353:  int currentPlayer = whoseTurn(state);
        -:  354:  
        -:  355:  //Discard hand
    #####:  356:  for (i = 0; i < state->handCount[currentPlayer]; i++){
    #####:  357:    state->discard[currentPlayer][state->discardCount[currentPlayer]++] = state->hand[currentPlayer][i];//Discard
    #####:  358:    state->hand[currentPlayer][i] = -1;//Set card to -1
        -:  359:  }
    #####:  360:  state->handCount[currentPlayer] = 0;//Reset hand count
        -:  361:    
        -:  362:  //Code for determining the player
    #####:  363:  if (currentPlayer < (state->numPlayers - 1)){ 
    #####:  364:    state->whoseTurn = currentPlayer + 1;//Still safe to increment
        -:  365:  }
        -:  366:  else{
    #####:  367:    state->whoseTurn = 0;//Max player has been reached, loop back around to player 1
        -:  368:  }
        -:  369:
    #####:  370:  state->outpostPlayed = 0;
    #####:  371:  state->phase = 0;
    #####:  372:  state->numActions = 1;
    #####:  373:  state->coins = 0;
    #####:  374:  state->numBuys = 1;
    #####:  375:  state->playedCardCount = 0;
    #####:  376:  state->handCount[state->whoseTurn] = 0;
        -:  377:
        -:  378:  //int k; move to top
        -:  379:  //Next player draws hand
    #####:  380:  for (k = 0; k < 5; k++){
    #####:  381:    drawCard(state->whoseTurn, state);//Draw a card
        -:  382:  }
        -:  383:
        -:  384:  //Update money
    #####:  385:  updateCoins(state->whoseTurn, state , 0);
        -:  386:
    #####:  387:  return 0;
        -:  388:}
        -:  389:
    #####:  390:int isGameOver(struct gameState *state) {
        -:  391:  int i;
        -:  392:  int j;
        -:  393:	
        -:  394:  //if stack of Province cards is empty, the game ends
    #####:  395:  if (state->supplyCount[province] == 0)
        -:  396:    {
    #####:  397:      return 1;
        -:  398:    }
        -:  399:
        -:  400:  //if three supply pile are at 0, the game ends
    #####:  401:  j = 0;
    #####:  402:  for (i = 0; i < 25; i++)
        -:  403:    {
    #####:  404:      if (state->supplyCount[i] == 0)
        -:  405:	{
    #####:  406:	  j++;
        -:  407:	}
        -:  408:    }
    #####:  409:  if ( j >= 3)
        -:  410:    {
    #####:  411:      return 1;
        -:  412:    }
        -:  413:
    #####:  414:  return 0;
        -:  415:}
        -:  416:
    #####:  417:int scoreFor (int player, struct gameState *state) {
        -:  418:
        -:  419:  int i;
    #####:  420:  int score = 0;
        -:  421:  //score from hand
    #####:  422:  for (i = 0; i < state->handCount[player]; i++)
        -:  423:    {
    #####:  424:      if (state->hand[player][i] == curse) { score = score - 1; };
    #####:  425:      if (state->hand[player][i] == estate) { score = score + 1; };
    #####:  426:      if (state->hand[player][i] == duchy) { score = score + 3; };
    #####:  427:      if (state->hand[player][i] == province) { score = score + 6; };
    #####:  428:      if (state->hand[player][i] == great_hall) { score = score + 1; };
    #####:  429:      if (state->hand[player][i] == gardens) { score = score + ( fullDeckCount(player, 0, state) / 10 ); };
        -:  430:    }
        -:  431:
        -:  432:  //score from discard
    #####:  433:  for (i = 0; i < state->discardCount[player]; i++)
        -:  434:    {
    #####:  435:      if (state->discard[player][i] == curse) { score = score - 1; };
    #####:  436:      if (state->discard[player][i] == estate) { score = score + 1; };
    #####:  437:      if (state->discard[player][i] == duchy) { score = score + 3; };
    #####:  438:      if (state->discard[player][i] == province) { score = score + 6; };
    #####:  439:      if (state->discard[player][i] == great_hall) { score = score + 1; };
    #####:  440:      if (state->discard[player][i] == gardens) { score = score + ( fullDeckCount(player, 0, state) / 10 ); };
        -:  441:    }
        -:  442:
        -:  443:  //score from deck
    #####:  444:  for (i = 0; i < state->discardCount[player]; i++)
        -:  445:    {
    #####:  446:      if (state->deck[player][i] == curse) { score = score - 1; };
    #####:  447:      if (state->deck[player][i] == estate) { score = score + 1; };
    #####:  448:      if (state->deck[player][i] == duchy) { score = score + 3; };
    #####:  449:      if (state->deck[player][i] == province) { score = score + 6; };
    #####:  450:      if (state->deck[player][i] == great_hall) { score = score + 1; };
    #####:  451:      if (state->deck[player][i] == gardens) { score = score + ( fullDeckCount(player, 0, state) / 10 ); };
        -:  452:    }
        -:  453:
    #####:  454:  return score;
        -:  455:}
        -:  456:
    #####:  457:int getWinners(int players[MAX_PLAYERS], struct gameState *state) {
        -:  458:  int i;	
        -:  459:  int j;
        -:  460:  int highScore;
        -:  461:  int currentPlayer;
        -:  462:
        -:  463:  //get score for each player
    #####:  464:  for (i = 0; i < MAX_PLAYERS; i++)
        -:  465:    {
        -:  466:      //set unused player scores to -9999
    #####:  467:      if (i >= state->numPlayers)
        -:  468:	{
    #####:  469:	  players[i] = -9999;
        -:  470:	}
        -:  471:      else
        -:  472:	{
    #####:  473:	  players[i] = scoreFor (i, state);
        -:  474:	}
        -:  475:    }
        -:  476:
        -:  477:  //find highest score
    #####:  478:  j = 0;
    #####:  479:  for (i = 0; i < MAX_PLAYERS; i++)
        -:  480:    {
    #####:  481:      if (players[i] > players[j])
        -:  482:	{
    #####:  483:	  j = i;
        -:  484:	}
        -:  485:    }
    #####:  486:  highScore = players[j];
        -:  487:
        -:  488:  //add 1 to players who had less turns
    #####:  489:  currentPlayer = whoseTurn(state);
    #####:  490:  for (i = 0; i < MAX_PLAYERS; i++)
        -:  491:    {
    #####:  492:      if ( players[i] == highScore && i > currentPlayer )
        -:  493:	{
    #####:  494:	  players[i]++;
        -:  495:	}
        -:  496:    }
        -:  497:
        -:  498:  //find new highest score
    #####:  499:  j = 0;
    #####:  500:  for (i = 0; i < MAX_PLAYERS; i++)
        -:  501:    {
    #####:  502:      if ( players[i] > players[j] )
        -:  503:	{
    #####:  504:	  j = i;
        -:  505:	}
        -:  506:    }
    #####:  507:  highScore = players[j];
        -:  508:
        -:  509:  //set winners in array to 1 and rest to 0
    #####:  510:  for (i = 0; i < MAX_PLAYERS; i++)
        -:  511:    {
    #####:  512:      if ( players[i] == highScore )
        -:  513:	{
    #####:  514:	  players[i] = 1;
        -:  515:	}
        -:  516:      else
        -:  517:	{
    #####:  518:	  players[i] = 0;
        -:  519:	}
        -:  520:    }
        -:  521:
    #####:  522:  return 0;
        -:  523:}
        -:  524:
  3800122:  525:int drawCard(int player, struct gameState *state)
        -:  526:{	int count;
        -:  527:  int deckCounter;
  3800122:  528:  if (state->deckCount[player] <= 0){//Deck is empty
        -:  529:    
        -:  530:    //Step 1 Shuffle the discard pile back into a deck
        -:  531:    int i;
        -:  532:    //Move discard to deck
  3261367:  533:    for (i = 0; i < state->discardCount[player];i++){
  2644105:  534:      state->deck[player][i] = state->discard[player][i];
  2644105:  535:      state->discard[player][i] = -1;
        -:  536:    }
        -:  537:
   617262:  538:    state->deckCount[player] = state->discardCount[player];
   617262:  539:    state->discardCount[player] = 0;//Reset discard
        -:  540:
        -:  541:    //Shufffle the deck
   617262:  542:    shuffle(player, state);//Shuffle the deck up and make it so that we can draw
        -:  543:   
   617262:  544:    if (DEBUG){//Debug statements
        -:  545:      printf("Deck count now: %d\n", state->deckCount[player]);
        -:  546:    }
        -:  547:    
   617262:  548:    state->discardCount[player] = 0;
        -:  549:
        -:  550:    //Step 2 Draw Card
   617262:  551:    count = state->handCount[player];//Get current player's hand count
        -:  552:    
   617262:  553:    if (DEBUG){//Debug statements
        -:  554:      printf("Current hand count: %d\n", count);
        -:  555:    }
        -:  556:    
   617262:  557:    deckCounter = state->deckCount[player];//Create a holder for the deck count
        -:  558:
   617262:  559:    if (deckCounter == 0)
   604055:  560:      return -1;
        -:  561:
    13207:  562:    state->hand[player][count] = state->deck[player][deckCounter - 1];//Add card to hand
    13207:  563:    state->deckCount[player]--;
    13207:  564:    state->handCount[player]++;//Increment hand count
        -:  565:  }
        -:  566:
        -:  567:  else{
  3182860:  568:    int count = state->handCount[player];//Get current hand count for player
        -:  569:    int deckCounter;
  3182860:  570:    if (DEBUG){//Debug statements
        -:  571:      printf("Current hand count: %d\n", count);
        -:  572:    }
        -:  573:
  3182860:  574:    deckCounter = state->deckCount[player];//Create holder for the deck count
  3182860:  575:    state->hand[player][count] = state->deck[player][deckCounter - 1];//Add card to the hand
  3182860:  576:    state->deckCount[player]--;
  3182860:  577:    state->handCount[player]++;//Increment hand count
        -:  578:  }
        -:  579:
  3196067:  580:  return 0;
        -:  581:}
        -:  582:
    #####:  583:int getCost(int cardNumber)
        -:  584:{
    #####:  585:  switch( cardNumber ) 
        -:  586:    {
        -:  587:    case curse:
    #####:  588:      return 0;
        -:  589:    case estate:
    #####:  590:      return 2;
        -:  591:    case duchy:
    #####:  592:      return 5;
        -:  593:    case province:
    #####:  594:      return 8;
        -:  595:    case copper:
    #####:  596:      return 0;
        -:  597:    case silver:
    #####:  598:      return 3;
        -:  599:    case gold:
    #####:  600:      return 6;
        -:  601:    case adventurer:
    #####:  602:      return 6;
        -:  603:    case council_room:
    #####:  604:      return 5;
        -:  605:    case feast:
    #####:  606:      return 4;
        -:  607:    case gardens:
    #####:  608:      return 4;
        -:  609:    case mine:
    #####:  610:      return 5;
        -:  611:    case remodel:
    #####:  612:      return 4;
        -:  613:    case smithy:
    #####:  614:      return 4;
        -:  615:    case village:
    #####:  616:      return 3;
        -:  617:    case baron:
    #####:  618:      return 4;
        -:  619:    case great_hall:
    #####:  620:      return 3;
        -:  621:    case minion:
    #####:  622:      return 5;
        -:  623:    case steward:
    #####:  624:      return 3;
        -:  625:    case tribute:
    #####:  626:      return 5;
        -:  627:    case ambassador:
    #####:  628:      return 3;
        -:  629:    case cutpurse:
    #####:  630:      return 4;
        -:  631:    case embargo: 
    #####:  632:      return 2;
        -:  633:    case outpost:
    #####:  634:      return 5;
        -:  635:    case salvager:
    #####:  636:      return 4;
        -:  637:    case sea_hag:
    #####:  638:      return 4;
        -:  639:    case treasure_map:
    #####:  640:      return 4;
        -:  641:    }
        -:  642:	
    #####:  643:  return -1;
        -:  644:}
        -:  645:
        -:  646:
    #####:  647:int great_hall_func(int currentPlayer, struct gameState *state, int handPos){
        -:  648:	//+1 Card
    #####:  649:    drawCard(currentPlayer, state);
        -:  650:			
        -:  651:    //+1 Actions
    #####:  652:    state->numActions++;
        -:  653:			
        -:  654:    //discard card from hand
    #####:  655:    discardCard(handPos, currentPlayer, state, 0);
    #####:  656:    return 0;
        -:  657:}
        -:  658:
    #####:  659:int embargo_func(int currentPlayer, int choice1, struct gameState *state, int handPos){
        -:  660:      //+2 Coins
    #####:  661:      state->coins = state->coins + 2;
        -:  662:			
        -:  663:      //see if selected pile is in play
    #####:  664:      if ( state->supplyCount[choice1] == -1 )
        -:  665:	{
    #####:  666:	  return -1;
        -:  667:	}
        -:  668:			
        -:  669:      //add embargo token to selected supply pile
    #####:  670:      state->embargoTokens[choice1]++;
        -:  671:			
        -:  672:      //trash card
    #####:  673:      discardCard(handPos, currentPlayer, state, 1);		
    #####:  674:      return 0;		
        -:  675:}
        -:  676:
    #####:  677:int salvager_func(int currentPlayer, int choice1, struct gameState *state, int handPos){
        -:  678:	//+1 buy
    #####:  679:	state->numBuys++;
        -:  680:			
    #####:  681:	if (choice1){
        -:  682:	//gain coins equal to trashed card
    #####:  683:	state->coins = state->coins + getCost( handCard(choice1, state) );
        -:  684:	//trash card
    #####:  685:	discardCard(choice1, currentPlayer, state, 1);	
        -:  686:	}
        -:  687:			
        -:  688:    //discard card
    #####:  689:    discardCard(handPos, currentPlayer, state, 0);
    #####:  690:    return 0;
        -:  691:}		
        -:  692:
    #####:  693:int sea_hag_func(int currentPlayer, struct gameState *state, int handPos){
        -:  694:		int i;
    #####:  695:		for (i = 0; i < state->numPlayers; i++){
    #####:  696:			if (i != currentPlayer){
    #####:  697:			state->discard[i][state->discardCount[i]] = state->deck[i][state->deckCount[i]--];
    #####:  698:			state->deckCount[i]--;
    #####:  699:			state->discardCount[i]++;
    #####:  700:			state->deck[i][state->deckCount[i]++] = curse;//Top card now a curse
        -:  701:			}
        -:  702:		}
    #####:  703:		return 0;
        -:  704:}
        -:  705:
    #####:  706:int treasure_map_func(int currentPlayer, struct gameState *state, int handPos){
        -:  707:		
        -:  708:		//search hand for another treasure_map
    #####:  709:		int index = -1;
        -:  710:		int i;
    #####:  711:		for (i = 0; i < state->handCount[currentPlayer]; i++){
    #####:  712:			if (state->hand[currentPlayer][i] == treasure_map && i != handPos){
    #####:  713:				index = i;
    #####:  714:				break;
        -:  715:			}
        -:  716:		}
    #####:  717:		if (index > -1){
        -:  718:			//trash both treasure cards
    #####:  719:			discardCard(handPos, currentPlayer, state, 1);
    #####:  720:			discardCard(index, currentPlayer, state, 1);
    #####:  721:			state->discardCount[i]++;
        -:  722:			//gain 4 Gold cards
    #####:  723:			for (i = 0; i < 4; i++){
    #####:  724:				gainCard(gold, state, 1, currentPlayer);
        -:  725:			}
        -:  726:				
        -:  727:			//return success
    #####:  728:			return 1;
        -:  729:		}
        -:  730:			
        -:  731:		//no second treasure_map found in hand
    #####:  732:		return -1;
        -:  733:}
        -:  734:		
    41876:  735:int cardEffect(int card, int choice1, int choice2, int choice3, struct gameState *state, int handPos, int *bonus)
        -:  736:{
        -:  737:  int i;
        -:  738:  int j;
        -:  739:  int k;
        -:  740:  int x;
    41876:  741:  int currentPlayer = whoseTurn(state);
    41876:  742:  int nextPlayer = currentPlayer + 1;
        -:  743:
    41876:  744:  int tributeRevealedCards[2] = {-1, -1};
        -:  745:  int temphand[MAX_HAND];// moved above the if statement
    41876:  746:  int drawntreasure=0;
        -:  747:  int cardDrawn;
    41876:  748:  int z = 0;// this is the counter for the temp hand
    41876:  749:  if (nextPlayer > (state->numPlayers - 1)){
    #####:  750:    nextPlayer = 0;
        -:  751:  }
        -:  752:  
        -:  753:	
        -:  754:  //uses switch to select card and perform actions
    41876:  755:  switch( card ) 
        -:  756:    {
        -:  757:    case adventurer:
  3783874:  758:      while(drawntreasure<2){
  3700122:  759:	if (state->deckCount[currentPlayer] <1){//if the deck is empty we need to shuffle discard and add to deck
   617262:  760:	  shuffle(currentPlayer, state);
        -:  761:	}
  3700122:  762:	drawCard(currentPlayer, state);
  3700122:  763:	cardDrawn = state->hand[currentPlayer][state->handCount[currentPlayer]-1];//top card of hand is most recently drawn card.
  3783874:  764:	if (cardDrawn == copper || cardDrawn == silver || cardDrawn == gold)
    83752:  765:	  drawntreasure++;
        -:  766:	else{
  3616370:  767:	  temphand[z]=cardDrawn;
  3616370:  768:	  state->handCount[currentPlayer]--; //this should just remove the top card (the most recently drawn one).
  3616370:  769:	  z++;
        -:  770:	}
        -:  771:      }
  3699609:  772:      while(z-1>=0){
  3615857:  773:	state->discard[currentPlayer][state->discardCount[currentPlayer]++]=temphand[z-1]; // discard all cards in play that have been drawn
  3615857:  774:	z=z-1;
        -:  775:      }
    41876:  776:      return 0;
        -:  777:			
        -:  778:    case council_room:
        -:  779:      //+4 Cards
    #####:  780:      for (i = 0; i < 4; i++)
        -:  781:	{
    #####:  782:	  drawCard(currentPlayer, state);
        -:  783:	}
        -:  784:			
        -:  785:      //+1 Buy
    #####:  786:      state->numBuys++;
        -:  787:			
        -:  788:      //Each other player draws a card
    #####:  789:      for (i = 0; i < state->numPlayers; i++)
        -:  790:	{
    #####:  791:	  if ( i != currentPlayer )
        -:  792:	    {
    #####:  793:	      drawCard(i, state);
        -:  794:	    }
        -:  795:	}
        -:  796:			
        -:  797:      //put played card in played card pile
    #####:  798:      discardCard(handPos, currentPlayer, state, 0);
        -:  799:			
    #####:  800:      return 0;
        -:  801:			
        -:  802:    case feast:
        -:  803:      //gain card with cost up to 5
        -:  804:      //Backup hand
    #####:  805:      for (i = 0; i <= state->handCount[currentPlayer]; i++){
    #####:  806:	temphand[i] = state->hand[currentPlayer][i];//Backup card
    #####:  807:	state->hand[currentPlayer][i] = -1;//Set to nothing
        -:  808:      }
        -:  809:      //Backup hand
        -:  810:
        -:  811:      //Update Coins for Buy
    #####:  812:      updateCoins(currentPlayer, state, 5);
    #####:  813:      x = 1;//Condition to loop on
    #####:  814:      while( x == 1) {//Buy one card
    #####:  815:	if (supplyCount(choice1, state) <= 0){
    #####:  816:	  if (DEBUG)
        -:  817:	    printf("None of that card left, sorry!\n");
        -:  818:
    #####:  819:	  if (DEBUG){
        -:  820:	    printf("Cards Left: %d\n", supplyCount(choice1, state));
        -:  821:	  }
        -:  822:	}
    #####:  823:	else if (state->coins < getCost(choice1)){
    #####:  824:	  printf("That card is too expensive!\n");
        -:  825:
    #####:  826:	  if (DEBUG){
        -:  827:	    printf("Coins: %d < %d\n", state->coins, getCost(choice1));
        -:  828:	  }
        -:  829:	}
        -:  830:	else{
        -:  831:
    #####:  832:	  if (DEBUG){
        -:  833:	    printf("Deck Count: %d\n", state->handCount[currentPlayer] + state->deckCount[currentPlayer] + state->discardCount[currentPlayer]);
        -:  834:	  }
        -:  835:
    #####:  836:	  gainCard(choice1, state, 0, currentPlayer);//Gain the card
    #####:  837:	  x = 0;//No more buying cards
        -:  838:
    #####:  839:	  if (DEBUG){
        -:  840:	    printf("Deck Count: %d\n", state->handCount[currentPlayer] + state->deckCount[currentPlayer] + state->discardCount[currentPlayer]);
        -:  841:	  }
        -:  842:
        -:  843:	}
        -:  844:      }     
        -:  845:
        -:  846:      //Reset Hand
    #####:  847:      for (i = 0; i <= state->handCount[currentPlayer]; i++){
    #####:  848:	state->hand[currentPlayer][i] = temphand[i];
    #####:  849:	temphand[i] = -1;
        -:  850:      }
        -:  851:      //Reset Hand
        -:  852:      			
    #####:  853:      return 0;
        -:  854:			
        -:  855:    case gardens:
    #####:  856:      return -1;
        -:  857:			
        -:  858:    case mine:
    #####:  859:      j = state->hand[currentPlayer][choice1];  //store card we will trash
        -:  860:
    #####:  861:      if (state->hand[currentPlayer][choice1] < copper || state->hand[currentPlayer][choice1] > gold)
        -:  862:	{
    #####:  863:	  return -1;
        -:  864:	}
        -:  865:		
    #####:  866:      if (choice2 > treasure_map || choice2 < curse)
        -:  867:	{
    #####:  868:	  return -1;
        -:  869:	}
        -:  870:
    #####:  871:      if ( (getCost(state->hand[currentPlayer][choice1]) + 3) > getCost(choice2) )
        -:  872:	{
    #####:  873:	  return -1;
        -:  874:	}
        -:  875:
    #####:  876:      gainCard(choice2, state, 2, currentPlayer);
        -:  877:
        -:  878:      //discard card from hand
    #####:  879:      discardCard(handPos, currentPlayer, state, 0);
        -:  880:
        -:  881:      //discard trashed card
    #####:  882:      for (i = 0; i < state->handCount[currentPlayer]; i++)
        -:  883:	{
    #####:  884:	  if (state->hand[currentPlayer][i] == j)
        -:  885:	    {
    #####:  886:	      discardCard(i, currentPlayer, state, 0);			
    #####:  887:	      break;
        -:  888:	    }
        -:  889:	}
        -:  890:			
    #####:  891:      return 0;
        -:  892:			
        -:  893:    case remodel:
    #####:  894:      j = state->hand[currentPlayer][choice1];  //store card we will trash
        -:  895:
    #####:  896:      if ( (getCost(state->hand[currentPlayer][choice1]) + 2) > getCost(choice2) )
        -:  897:	{
    #####:  898:	  return -1;
        -:  899:	}
        -:  900:
    #####:  901:      gainCard(choice2, state, 0, currentPlayer);
        -:  902:
        -:  903:      //discard card from hand
    #####:  904:      discardCard(handPos, currentPlayer, state, 0);
        -:  905:
        -:  906:      //discard trashed card
    #####:  907:      for (i = 0; i < state->handCount[currentPlayer]; i++)
        -:  908:	{
    #####:  909:	  if (state->hand[currentPlayer][i] == j)
        -:  910:	    {
    #####:  911:	      discardCard(i, currentPlayer, state, 0);			
    #####:  912:	      break;
        -:  913:	    }
        -:  914:	}
        -:  915:
        -:  916:
    #####:  917:      return 0;
        -:  918:		
        -:  919:    case smithy:
        -:  920:		
        -:  921:      //+3 Cards
    #####:  922:      for (i = 0; i < 3; i++)
        -:  923:	{
    #####:  924:	  drawCard(currentPlayer, state);
        -:  925:	}
        -:  926:			
        -:  927:      //discard card from hand
    #####:  928:      discardCard(handPos, currentPlayer, state, 0);
    #####:  929:      return 0;
        -:  930:		
        -:  931:    case village:
        -:  932:      //+1 Card
    #####:  933:      drawCard(currentPlayer, state);
        -:  934:			
        -:  935:      //+2 Actions
    #####:  936:      state->numActions = state->numActions + 2;
        -:  937:			
        -:  938:      //discard played card from hand
    #####:  939:      discardCard(handPos, currentPlayer, state, 0);
    #####:  940:      return 0;
        -:  941:		
        -:  942:    case baron:
    #####:  943:      state->numBuys++;//Increase buys by 1!
    #####:  944:      if (choice1 > 0){//Boolean true or going to discard an estate
    #####:  945:	int p = 0;//Iterator for hand!
    #####:  946:	int card_not_discarded = 1;//Flag for discard set!
    #####:  947:	while(card_not_discarded){
    #####:  948:	  if (state->hand[currentPlayer][p] == estate){//Found an estate card!
    #####:  949:	    state->coins += 4;//Add 4 coins to the amount of coins
    #####:  950:	    state->discard[currentPlayer][state->discardCount[currentPlayer]] = state->hand[currentPlayer][p];
    #####:  951:	    state->discardCount[currentPlayer]++;
    #####:  952:	    for (;p < state->handCount[currentPlayer]; p++){
    #####:  953:	      state->hand[currentPlayer][p] = state->hand[currentPlayer][p+1];
        -:  954:	    }
    #####:  955:	    state->hand[currentPlayer][state->handCount[currentPlayer]] = -1;
    #####:  956:	    state->handCount[currentPlayer]--;
    #####:  957:	    card_not_discarded = 0;//Exit the loop
        -:  958:	  }
    #####:  959:	  else if (p > state->handCount[currentPlayer]){
    #####:  960:	    if(DEBUG) {
        -:  961:	      printf("No estate cards in your hand, invalid choice\n");
        -:  962:	      printf("Must gain an estate if there are any\n");
        -:  963:	    }
    #####:  964:	    if (supplyCount(estate, state) > 0){
    #####:  965:	      gainCard(estate, state, 0, currentPlayer);
    #####:  966:	      state->supplyCount[estate]--;//Decrement estates
    #####:  967:	      if (supplyCount(estate, state) == 0){
    #####:  968:		isGameOver(state);
        -:  969:	      }
        -:  970:	    }
    #####:  971:	    card_not_discarded = 0;//Exit the loop
        -:  972:	  }
        -:  973:			    
        -:  974:	  else{
    #####:  975:	    p++;//Next card
        -:  976:	  }
        -:  977:	}
        -:  978:      }
        -:  979:			    
        -:  980:      else{
    #####:  981:	if (supplyCount(estate, state) > 0){
    #####:  982:	  gainCard(estate, state, 0, currentPlayer);//Gain an estate
    #####:  983:	  state->supplyCount[estate]--;//Decrement Estates
    #####:  984:	  if (supplyCount(estate, state) == 0){
    #####:  985:	    isGameOver(state);
        -:  986:	  }
        -:  987:	}
        -:  988:      }
        -:  989:	    
        -:  990:      
    #####:  991:      return 0;
        -:  992:		
        -:  993:    case great_hall:      
    #####:  994:		return great_hall_func(currentPlayer, state, handPos);
        -:  995:		
        -:  996:    case minion:
        -:  997:      //+1 action
    #####:  998:      state->numActions++;
        -:  999:			
        -: 1000:      //discard card from hand
    #####: 1001:      discardCard(handPos, currentPlayer, state, 0);
        -: 1002:			
    #####: 1003:      if (choice1)		//+2 coins
        -: 1004:	{
    #####: 1005:	  state->coins = state->coins + 2;
        -: 1006:	}
        -: 1007:			
    #####: 1008:      else if (choice2)		//discard hand, redraw 4, other players with 5+ cards discard hand and draw 4
        -: 1009:	{
        -: 1010:	  //discard hand
    #####: 1011:	  while(numHandCards(state) > 0)
        -: 1012:	    {
    #####: 1013:	      discardCard(handPos, currentPlayer, state, 0);
        -: 1014:	    }
        -: 1015:				
        -: 1016:	  //draw 4
    #####: 1017:	  for (i = 0; i < 4; i++)
        -: 1018:	    {
    #####: 1019:	      drawCard(currentPlayer, state);
        -: 1020:	    }
        -: 1021:				
        -: 1022:	  //other players discard hand and redraw if hand size > 4
    #####: 1023:	  for (i = 0; i < state->numPlayers; i++)
        -: 1024:	    {
    #####: 1025:	      if (i != currentPlayer)
        -: 1026:		{
    #####: 1027:		  if ( state->handCount[i] > 4 )
        -: 1028:		    {
        -: 1029:		      //discard hand
    #####: 1030:		      while( state->handCount[i] > 0 )
        -: 1031:			{
    #####: 1032:			  discardCard(handPos, i, state, 0);
        -: 1033:			}
        -: 1034:							
        -: 1035:		      //draw 4
    #####: 1036:		      for (j = 0; j < 4; j++)
        -: 1037:			{
    #####: 1038:			  drawCard(i, state);
        -: 1039:			}
        -: 1040:		    }
        -: 1041:		}
        -: 1042:	    }
        -: 1043:				
        -: 1044:	}
    #####: 1045:      return 0;
        -: 1046:		
        -: 1047:    case steward:
    #####: 1048:      if (choice1 == 1)
        -: 1049:	{
        -: 1050:	  //+2 cards
    #####: 1051:	  drawCard(currentPlayer, state);
    #####: 1052:	  drawCard(currentPlayer, state);
        -: 1053:	}
    #####: 1054:      else if (choice1 == 2)
        -: 1055:	{
        -: 1056:	  //+2 coins
    #####: 1057:	  state->coins = state->coins + 2;
        -: 1058:	}
        -: 1059:      else
        -: 1060:	{
        -: 1061:	  //trash 2 cards in hand
    #####: 1062:	  discardCard(choice2, currentPlayer, state, 1);
    #####: 1063:	  discardCard(choice3, currentPlayer, state, 1);
        -: 1064:	}
        -: 1065:			
        -: 1066:      //discard card from hand
    #####: 1067:      discardCard(handPos, currentPlayer, state, 0);
    #####: 1068:      return 0;
        -: 1069:		
        -: 1070:    case tribute:
    #####: 1071:      if ((state->discardCount[nextPlayer] + state->deckCount[nextPlayer]) <= 1){
    #####: 1072:	if (state->deckCount[nextPlayer] > 0){
    #####: 1073:	  tributeRevealedCards[0] = state->deck[nextPlayer][state->deckCount[nextPlayer]-1];
    #####: 1074:	  state->deckCount[nextPlayer]--;
        -: 1075:	}
    #####: 1076:	else if (state->discardCount[nextPlayer] > 0){
    #####: 1077:	  tributeRevealedCards[0] = state->discard[nextPlayer][state->discardCount[nextPlayer]-1];
    #####: 1078:	  state->discardCount[nextPlayer]--;
        -: 1079:	}
        -: 1080:	else{
        -: 1081:	  //No Card to Reveal
    #####: 1082:	  if (DEBUG){
        -: 1083:	    printf("No cards to reveal\n");
        -: 1084:	  }
        -: 1085:	}
        -: 1086:      }
        -: 1087:	    
        -: 1088:      else{
    #####: 1089:	if (state->deckCount[nextPlayer] == 0){
    #####: 1090:	  for (i = 0; i < state->discardCount[nextPlayer]; i++){
    #####: 1091:	    state->deck[nextPlayer][i] = state->discard[nextPlayer][i];//Move to deck
    #####: 1092:	    state->deckCount[nextPlayer]++;
    #####: 1093:	    state->discard[nextPlayer][i] = -1;
    #####: 1094:	    state->discardCount[nextPlayer]--;
        -: 1095:	  }
        -: 1096:			    
    #####: 1097:	  shuffle(nextPlayer,state);//Shuffle the deck
        -: 1098:	} 
    #####: 1099:	tributeRevealedCards[0] = state->deck[nextPlayer][state->deckCount[nextPlayer]-1];
    #####: 1100:	state->deck[nextPlayer][state->deckCount[nextPlayer]--] = -1;
    #####: 1101:	state->deckCount[nextPlayer]--;
    #####: 1102:	tributeRevealedCards[1] = state->deck[nextPlayer][state->deckCount[nextPlayer]-1];
    #####: 1103:	state->deck[nextPlayer][state->deckCount[nextPlayer]--] = -1;
    #####: 1104:	state->deckCount[nextPlayer]--;
        -: 1105:      }    
        -: 1106:		       
    #####: 1107:      if (tributeRevealedCards[0] == tributeRevealedCards[1]){//If we have a duplicate card, just drop one 
    #####: 1108:	state->playedCards[state->playedCardCount] = tributeRevealedCards[1];
    #####: 1109:	state->playedCardCount++;
    #####: 1110:	tributeRevealedCards[1] = -1;
        -: 1111:      }
        -: 1112:
    #####: 1113:      for (i = 0; i <= 2; i ++){
    #####: 1114:	if (tributeRevealedCards[i] == copper || tributeRevealedCards[i] == silver || tributeRevealedCards[i] == gold){//Treasure cards
    #####: 1115:	  state->coins += 2;
        -: 1116:	}
        -: 1117:		    
    #####: 1118:	else if (tributeRevealedCards[i] == estate || tributeRevealedCards[i] == duchy || tributeRevealedCards[i] == province || tributeRevealedCards[i] == gardens || tributeRevealedCards[i] == great_hall){//Victory Card Found
    #####: 1119:	  drawCard(currentPlayer, state);
    #####: 1120:	  drawCard(currentPlayer, state);
        -: 1121:	}
        -: 1122:	else{//Action Card
    #####: 1123:	  state->numActions = state->numActions + 2;
        -: 1124:	}
        -: 1125:      }
        -: 1126:	    
    #####: 1127:      return 0;
        -: 1128:		
        -: 1129:    case ambassador:
    #####: 1130:      j = 0;		//used to check if player has enough cards to discard
        -: 1131:
    #####: 1132:      if (choice2 > 2 || choice2 < 0)
        -: 1133:	{
    #####: 1134:	  return -1;				
        -: 1135:	}
        -: 1136:
    #####: 1137:      if (choice1 == handPos)
        -: 1138:	{
    #####: 1139:	  return -1;
        -: 1140:	}
        -: 1141:
    #####: 1142:      for (i = 0; i < state->handCount[currentPlayer]; i++)
        -: 1143:	{
    #####: 1144:	  if (i != handPos && i == state->hand[currentPlayer][choice1] && i != choice1)
        -: 1145:	    {
    #####: 1146:	      j++;
        -: 1147:	    }
        -: 1148:	}
    #####: 1149:      if (j < choice2)
        -: 1150:	{
    #####: 1151:	  return -1;				
        -: 1152:	}
        -: 1153:
    #####: 1154:      if (DEBUG) 
        -: 1155:	printf("Player %d reveals card number: %d\n", currentPlayer, state->hand[currentPlayer][choice1]);
        -: 1156:
        -: 1157:      //increase supply count for choosen card by amount being discarded
    #####: 1158:      state->supplyCount[state->hand[currentPlayer][choice1]] += choice2;
        -: 1159:			
        -: 1160:      //each other player gains a copy of revealed card
    #####: 1161:      for (i = 0; i < state->numPlayers; i++)
        -: 1162:	{
    #####: 1163:	  if (i != currentPlayer)
        -: 1164:	    {
    #####: 1165:	      gainCard(state->hand[currentPlayer][choice1], state, 0, i);
        -: 1166:	    }
        -: 1167:	}
        -: 1168:
        -: 1169:      //discard played card from hand
    #####: 1170:      discardCard(handPos, currentPlayer, state, 0);			
        -: 1171:
        -: 1172:      //trash copies of cards returned to supply
    #####: 1173:      for (j = 0; j < choice2; j++)
        -: 1174:	{
    #####: 1175:	  for (i = 0; i < state->handCount[currentPlayer]; i++)
        -: 1176:	    {
    #####: 1177:	      if (state->hand[currentPlayer][i] == state->hand[currentPlayer][choice1])
        -: 1178:		{
    #####: 1179:		  discardCard(i, currentPlayer, state, 1);
    #####: 1180:		  break;
        -: 1181:		}
        -: 1182:	    }
        -: 1183:	}			
        -: 1184:
    #####: 1185:      return 0;
        -: 1186:		
        -: 1187:    case cutpurse:
        -: 1188:
    #####: 1189:      updateCoins(currentPlayer, state, 2);
    #####: 1190:      for (i = 0; i < state->numPlayers; i++)
        -: 1191:	{
    #####: 1192:	  if (i != currentPlayer)
        -: 1193:	    {
    #####: 1194:	      for (j = 0; j < state->handCount[i]; j++)
        -: 1195:		{
    #####: 1196:		  if (state->hand[i][j] == copper)
        -: 1197:		    {
    #####: 1198:		      discardCard(j, i, state, 0);
    #####: 1199:		      break;
        -: 1200:		    }
    #####: 1201:		  if (j == state->handCount[i])
        -: 1202:		    {
    #####: 1203:		      for (k = 0; k < state->handCount[i]; k++)
        -: 1204:			{
    #####: 1205:			  if (DEBUG)
        -: 1206:			    printf("Player %d reveals card number %d\n", i, state->hand[i][k]);
        -: 1207:			}	
    #####: 1208:		      break;
        -: 1209:		    }		
        -: 1210:		}
        -: 1211:					
        -: 1212:	    }
        -: 1213:				
        -: 1214:	}				
        -: 1215:
        -: 1216:      //discard played card from hand
    #####: 1217:      discardCard(handPos, currentPlayer, state, 0);			
        -: 1218:
    #####: 1219:      return 0;
        -: 1220:
        -: 1221:		
        -: 1222:    case embargo:
    #####: 1223:		return embargo_func(currentPlayer, choice1, state, handPos);
        -: 1224:		
        -: 1225:		
        -: 1226:    case outpost:
        -: 1227:      //set outpost flag
    #####: 1228:      state->outpostPlayed++;
        -: 1229:			
        -: 1230:      //discard card
    #####: 1231:      discardCard(handPos, currentPlayer, state, 0);
    #####: 1232:      return 0;
        -: 1233:		
        -: 1234:		
        -: 1235:    case salvager:
    #####: 1236:		return salvager_func(currentPlayer, choice1, state, handPos);
        -: 1237:		
        -: 1238:		
        -: 1239:    case sea_hag:
    #####: 1240:		return sea_hag_func(currentPlayer, state, handPos);
        -: 1241:
        -: 1242:		
        -: 1243:    case treasure_map:
    #####: 1244:		return treasure_map_func(currentPlayer, state, handPos);
        -: 1245:	
        -: 1246:	}
        -: 1247:	
    #####: 1248:	return -1;
        -: 1249:}
        -: 1250:
    #####: 1251:int discardCard(int handPos, int currentPlayer, struct gameState *state, int trashFlag)
        -: 1252:{
        -: 1253:	
        -: 1254:  //if card is not trashed, added to Played pile 
    #####: 1255:  if (trashFlag < 1)
        -: 1256:    {
        -: 1257:      //add card to played pile
    #####: 1258:      state->playedCards[state->playedCardCount] = state->hand[currentPlayer][handPos]; 
    #####: 1259:      state->playedCardCount++;
        -: 1260:    }
        -: 1261:	
        -: 1262:  //set played card to -1
    #####: 1263:  state->hand[currentPlayer][handPos] = -1;
        -: 1264:	
        -: 1265:  //remove card from player's hand
    #####: 1266:  if ( handPos == (state->handCount[currentPlayer] - 1) ) 	//last card in hand array is played
        -: 1267:    {
        -: 1268:      //reduce number of cards in hand
    #####: 1269:      state->handCount[currentPlayer]--;
        -: 1270:    }
    #####: 1271:  else if ( state->handCount[currentPlayer] == 1 ) //only one card in hand
        -: 1272:    {
        -: 1273:      //reduce number of cards in hand
    #####: 1274:      state->handCount[currentPlayer]--;
        -: 1275:    }
        -: 1276:  else 	
        -: 1277:    {
        -: 1278:      //replace discarded card with last card in hand
    #####: 1279:      state->hand[currentPlayer][handPos] = state->hand[currentPlayer][ (state->handCount[currentPlayer] - 1)];
        -: 1280:      //set last card to -1
    #####: 1281:      state->hand[currentPlayer][state->handCount[currentPlayer] - 1] = -1;
        -: 1282:      //reduce number of cards in hand
    #####: 1283:      state->handCount[currentPlayer]--;
        -: 1284:    }
        -: 1285:	
    #####: 1286:  return 0;
        -: 1287:}
        -: 1288:
    #####: 1289:int gainCard(int supplyPos, struct gameState *state, int toFlag, int player)
        -: 1290:{
        -: 1291:  //Note: supplyPos is enum of choosen card
        -: 1292:	
        -: 1293:  //check if supply pile is empty (0) or card is not used in game (-1)
    #####: 1294:  if ( supplyCount(supplyPos, state) < 1 )
        -: 1295:    {
    #####: 1296:      return -1;
        -: 1297:    }
        -: 1298:	
        -: 1299:  //added card for [whoseTurn] current player:
        -: 1300:  // toFlag = 0 : add to discard
        -: 1301:  // toFlag = 1 : add to deck
        -: 1302:  // toFlag = 2 : add to hand
        -: 1303:
    #####: 1304:  if (toFlag == 1)
        -: 1305:    {
    #####: 1306:      state->deck[ player ][ state->deckCount[player] ] = supplyPos;
    #####: 1307:      state->deckCount[player]++;
        -: 1308:    }
    #####: 1309:  else if (toFlag == 2)
        -: 1310:    {
    #####: 1311:      state->hand[ player ][ state->handCount[player] ] = supplyPos;
    #####: 1312:      state->handCount[player]++;
        -: 1313:    }
        -: 1314:  else
        -: 1315:    {
    #####: 1316:      state->discard[player][ state->discardCount[player] ] = supplyPos;
    #####: 1317:      state->discardCount[player]++;
        -: 1318:    }
        -: 1319:	
        -: 1320:  //decrease number in supply pile
    #####: 1321:  state->supplyCount[supplyPos]--;
        -: 1322:	 
    #####: 1323:  return 0;
        -: 1324:}
        -: 1325:
    20000: 1326:int updateCoins(int player, struct gameState *state, int bonus)
        -: 1327:{
        -: 1328:  int i;
        -: 1329:	
        -: 1330:  //reset coin count
    20000: 1331:  state->coins = 0;
        -: 1332:
        -: 1333:  //add coins for each Treasure card in player's hand
   120000: 1334:  for (i = 0; i < state->handCount[player]; i++)
        -: 1335:    {
   100000: 1336:      if (state->hand[player][i] == copper)
        -: 1337:	{
    80000: 1338:	  state->coins += 1;
        -: 1339:	}
    20000: 1340:      else if (state->hand[player][i] == silver)
        -: 1341:	{
    #####: 1342:	  state->coins += 2;
        -: 1343:	}
    20000: 1344:      else if (state->hand[player][i] == gold)
        -: 1345:	{
    #####: 1346:	  state->coins += 3;
        -: 1347:	}	
        -: 1348:    }	
        -: 1349:
        -: 1350:  //add bonus
    20000: 1351:  state->coins += bonus;
        -: 1352:
    20000: 1353:  return 0;
        -: 1354:}
        -: 1355:
        -: 1356:
        -: 1357://end of dominion.c
        -: 1358:
