        -:    0:Source:dominion.c
        -:    0:Graph:dominion.gcno
        -:    0:Data:dominion.gcda
        -:    0:Runs:1
        -:    0:Programs:1
        -:    1:#include "dominion.h"
        -:    2:#include "dominion_helpers.h"
        -:    3:#include "rngs.h"
        -:    4:#include <stdio.h>
        -:    5:#include <math.h>
        -:    6:#include <stdlib.h>
        -:    7:
     1079:    8:int compare(const void* a, const void* b) {
     1079:    9:  if (*(int*)a > *(int*)b)
      492:   10:    return 1;
      587:   11:  if (*(int*)a < *(int*)b)
      174:   12:    return -1;
      413:   13:  return 0;
        -:   14:}
        -:   15:
    #####:   16:struct gameState* newGame() {
    #####:   17:  struct gameState* g = malloc(sizeof(struct gameState));
    #####:   18:  return g;
        -:   19:}
        -:   20:
    #####:   21:int* kingdomCards(int k1, int k2, int k3, int k4, int k5, int k6, int k7,
        -:   22:		  int k8, int k9, int k10) {
    #####:   23:  int* k = malloc(10 * sizeof(int));
    #####:   24:  k[0] = k1;
    #####:   25:  k[1] = k2;
    #####:   26:  k[2] = k3;
    #####:   27:  k[3] = k4;
    #####:   28:  k[4] = k5;
    #####:   29:  k[5] = k6;
    #####:   30:  k[6] = k7;
    #####:   31:  k[7] = k8;
    #####:   32:  k[8] = k9;
    #####:   33:  k[9] = k10;
    #####:   34:  return k;
        -:   35:}
        -:   36:
        1:   37:int initializeGame(int numPlayers, int kingdomCards[10], int randomSeed,
        -:   38:		   struct gameState *state) {
        -:   39:
        -:   40:  int i;
        -:   41:  int j;
        -:   42:  int it;			
        -:   43:  //set up random number generator
        1:   44:  SelectStream(1);
        1:   45:  PutSeed((long)randomSeed);
        -:   46:  
        -:   47:  //check number of players
        1:   48:  if (numPlayers > MAX_PLAYERS || numPlayers < 2)
        -:   49:    {
    #####:   50:      return -1;
        -:   51:    }
        -:   52:
        -:   53:  //set number of players
        1:   54:  state->numPlayers = numPlayers;
        -:   55:
        -:   56:  //check selected kingdom cards are different
       11:   57:  for (i = 0; i < 10; i++)
        -:   58:    {
      110:   59:      for (j = 0; j < 10; j++)
        -:   60:        {
      100:   61:	  if (j != i && kingdomCards[j] == kingdomCards[i])
        -:   62:	    {
    #####:   63:	      return -1;
        -:   64:	    }
        -:   65:        }
        -:   66:    }
        -:   67:
        -:   68:
        -:   69:  //initialize supply
        -:   70:  ///////////////////////////////
        -:   71:
        -:   72:  //set number of Curse cards
        1:   73:  if (numPlayers == 2)
        -:   74:    {
    #####:   75:      state->supplyCount[curse] = 10;
        -:   76:    }
        1:   77:  else if (numPlayers == 3)
        -:   78:    {
        1:   79:      state->supplyCount[curse] = 20;
        -:   80:    }
        -:   81:  else
        -:   82:    {
    #####:   83:      state->supplyCount[curse] = 30;
        -:   84:    }
        -:   85:
        -:   86:  //set number of Victory cards
        1:   87:  if (numPlayers == 2)
        -:   88:    {
    #####:   89:      state->supplyCount[estate] = 8;
    #####:   90:      state->supplyCount[duchy] = 8;
    #####:   91:      state->supplyCount[province] = 8;
        -:   92:    }
        -:   93:  else
        -:   94:    {
        1:   95:      state->supplyCount[estate] = 12;
        1:   96:      state->supplyCount[duchy] = 12;
        1:   97:      state->supplyCount[province] = 12;
        -:   98:    }
        -:   99:
        -:  100:  //set number of Treasure cards
        1:  101:  state->supplyCount[copper] = 60 - (7 * numPlayers);
        1:  102:  state->supplyCount[silver] = 40;
        1:  103:  state->supplyCount[gold] = 30;
        -:  104:
        -:  105:  //set number of Kingdom cards
       21:  106:  for (i = adventurer; i <= treasure_map; i++)       	//loop all cards
        -:  107:    {
      165:  108:      for (j = 0; j < 10; j++)           		//loop chosen cards
        -:  109:	{
      155:  110:	  if (kingdomCards[j] == i)
        -:  111:	    {
        -:  112:	      //check if card is a 'Victory' Kingdom card
       12:  113:	      if (kingdomCards[j] == great_hall || kingdomCards[j] == gardens)
        -:  114:		{
        2:  115:		  if (numPlayers == 2){ 
    #####:  116:		    state->supplyCount[i] = 8; 
        -:  117:		  }
        2:  118:		  else{ state->supplyCount[i] = 12; }
        -:  119:		}
        -:  120:	      else
        -:  121:		{
        8:  122:		  state->supplyCount[i] = 10;
        -:  123:		}
       10:  124:	      break;
        -:  125:	    }
        -:  126:	  else    //card is not in the set choosen for the game
        -:  127:	    {
      145:  128:	      state->supplyCount[i] = -1;
        -:  129:	    }
        -:  130:	}
        -:  131:
        -:  132:    }
        -:  133:
        -:  134:  ////////////////////////
        -:  135:  //supply intilization complete
        -:  136:
        -:  137:  //set player decks
        4:  138:  for (i = 0; i < numPlayers; i++)
        -:  139:    {
        3:  140:      state->deckCount[i] = 0;
       12:  141:      for (j = 0; j < 3; j++)
        -:  142:	{
        9:  143:	  state->deck[i][j] = estate;
        9:  144:	  state->deckCount[i]++;
        -:  145:	}
       24:  146:      for (j = 3; j < 10; j++)
        -:  147:	{
       21:  148:	  state->deck[i][j] = copper;
       21:  149:	  state->deckCount[i]++;		
        -:  150:	}
        -:  151:    }
        -:  152:
        -:  153:  //shuffle player decks
        4:  154:  for (i = 0; i < numPlayers; i++)
        -:  155:    {
        3:  156:      if ( shuffle(i, state) < 0 )
        -:  157:	{
    #####:  158:	  return -1;
        -:  159:	}
        -:  160:    }
        -:  161:
        -:  162:  //draw player hands
        4:  163:  for (i = 0; i < numPlayers; i++)
        -:  164:    {  
        -:  165:      //initialize hand size to zero
        3:  166:      state->handCount[i] = 0;
        3:  167:      state->discardCount[i] = 0;
        -:  168:      //draw 5 cards
        -:  169:      // for (j = 0; j < 5; j++)
        -:  170:      //	{
        -:  171:      //	  drawCard(i, state);
        -:  172:      //	}
        -:  173:    }
        -:  174:  
        -:  175:  //set embargo tokens to 0 for all supply piles
       28:  176:  for (i = 0; i <= treasure_map; i++)
        -:  177:    {
       27:  178:      state->embargoTokens[i] = 0;
        -:  179:    }
        -:  180:
        -:  181:  //initialize first player's turn
        1:  182:  state->outpostPlayed = 0;
        1:  183:  state->phase = 0;
        1:  184:  state->numActions = 1;
        1:  185:  state->numBuys = 1;
        1:  186:  state->playedCardCount = 0;
        1:  187:  state->whoseTurn = 0;
        1:  188:  state->handCount[state->whoseTurn] = 0;
        -:  189:  //int it; move to top
        -:  190:
        -:  191:  //Moved draw cards to here, only drawing at the start of a turn
        6:  192:  for (it = 0; it < 5; it++){
        5:  193:    drawCard(state->whoseTurn, state);
        -:  194:  }
        -:  195:
        1:  196:  updateCoins(state->whoseTurn, state, 0);
        -:  197:
        1:  198:  return 0;
        -:  199:}
        -:  200:
       25:  201:int shuffle(int player, struct gameState *state) {
        -:  202: 
        -:  203:
        -:  204:  int newDeck[MAX_DECK];
       25:  205:  int newDeckPos = 0;
        -:  206:  int card;
        -:  207:  int i;
        -:  208:
       25:  209:  if (state->deckCount[player] < 1)
    #####:  210:    return -1;
       25:  211:  qsort ((void*)(state->deck[player]), state->deckCount[player], sizeof(int), compare); 
        -:  212:  /* SORT CARDS IN DECK TO ENSURE DETERMINISM! */
        -:  213:
      435:  214:  while (state->deckCount[player] > 0) {
      385:  215:    card = floor(Random() * state->deckCount[player]);
      385:  216:    newDeck[newDeckPos] = state->deck[player][card];
      385:  217:    newDeckPos++;
     2050:  218:    for (i = card; i < state->deckCount[player]-1; i++) {
     1665:  219:      state->deck[player][i] = state->deck[player][i+1];
        -:  220:    }
      385:  221:    state->deckCount[player]--;
        -:  222:  }
      410:  223:  for (i = 0; i < newDeckPos; i++) {
      385:  224:    state->deck[player][i] = newDeck[i];
      385:  225:    state->deckCount[player]++;
        -:  226:  }
        -:  227:
       25:  228:  return 0;
        -:  229:}
        -:  230:
      118:  231:int playCard(int handPos, int choice1, int choice2, int choice3, struct gameState *state) 
        -:  232:{	
        -:  233:  int card;
      118:  234:  int coin_bonus = 0; 		//tracks coins gain from actions
        -:  235:
        -:  236:  //check if it is the right phase
      118:  237:  if (state->phase != 0)
        -:  238:    {
    #####:  239:      return -1;
        -:  240:    }
        -:  241:	
        -:  242:  //check if player has enough actions
      118:  243:  if ( state->numActions < 1 )
        -:  244:    {
       22:  245:      return -1;
        -:  246:    }
        -:  247:	
        -:  248:  //get card played
       96:  249:  card = handCard(handPos, state);
        -:  250:	
        -:  251:  //check if selected card is an action
       96:  252:  if ( card < adventurer || card > treasure_map )
        -:  253:    {
       65:  254:      return -1;
        -:  255:    }
        -:  256:	
        -:  257:  //play card
       31:  258:  if ( cardEffect(card, choice1, choice2, choice3, state, handPos, &coin_bonus) < 0 )
        -:  259:    {
       23:  260:      return -1;
        -:  261:    }
        -:  262:	
        -:  263:  //reduce number of actions
        8:  264:  state->numActions--;
        -:  265:
        -:  266:  //update coins (Treasure cards may be added with card draws)
        8:  267:  updateCoins(state->whoseTurn, state, coin_bonus);
        -:  268:	
        8:  269:  return 0;
        -:  270:}
        -:  271:
       66:  272:int buyCard(int supplyPos, struct gameState *state) {
        -:  273:  int who;
       66:  274:  if (DEBUG){
        -:  275:    printf("Entering buyCard...\n");
        -:  276:  }
        -:  277:
        -:  278:  // I don't know what to do about the phase thing.
        -:  279:
       66:  280:  who = state->whoseTurn;
        -:  281:
       66:  282:  if (state->numBuys < 1){
    #####:  283:    if (DEBUG)
        -:  284:      printf("You do not have any buys left\n");
    #####:  285:    return -1;
       66:  286:  } else if (supplyCount(supplyPos, state) <1){
    #####:  287:    if (DEBUG)
        -:  288:      printf("There are not any of that type of card left\n");
    #####:  289:    return -1;
       66:  290:  } else if (state->coins < getCost(supplyPos)){
        4:  291:    if (DEBUG) 
        -:  292:      printf("You do not have enough money to buy that. You have %d coins.\n", state->coins);
        4:  293:    return -1;
        -:  294:  } else {
       62:  295:    state->phase=1;
        -:  296:    //state->supplyCount[supplyPos]--;
       62:  297:    gainCard(supplyPos, state, 0, who); //card goes in discard, this might be wrong.. (2 means goes into hand, 0 goes into discard)
        -:  298:  
       62:  299:    state->coins = (state->coins) - (getCost(supplyPos));
       62:  300:    state->numBuys--;
       62:  301:    if (DEBUG)
        -:  302:      printf("You bought card number %d for %d coins. You now have %d buys and %d coins.\n", supplyPos, getCost(supplyPos), state->numBuys, state->coins);
        -:  303:  }
        -:  304:
        -:  305:  //state->discard[who][state->discardCount[who]] = supplyPos;
        -:  306:  //state->discardCount[who]++;
        -:  307:    
       62:  308:  return 0;
        -:  309:}
        -:  310:
      590:  311:int numHandCards(struct gameState *state) {
      590:  312:  return state->handCount[ whoseTurn(state) ];
        -:  313:}
        -:  314:
     1469:  315:int handCard(int handPos, struct gameState *state) {
     1469:  316:  int currentPlayer = whoseTurn(state);
     1469:  317:  return state->hand[currentPlayer][handPos];
        -:  318:}
        -:  319:
      136:  320:int supplyCount(int card, struct gameState *state) {
      136:  321:  return state->supplyCount[card];
        -:  322:}
        -:  323:
       11:  324:int fullDeckCount(int player, int card, struct gameState *state) {
        -:  325:  int i;
       11:  326:  int count = 0;
        -:  327:
      176:  328:  for (i = 0; i < state->deckCount[player]; i++)
        -:  329:    {
      165:  330:      if (state->deck[player][i] == card) count++;
        -:  331:    }
        -:  332:
       66:  333:  for (i = 0; i < state->handCount[player]; i++)
        -:  334:    {
       55:  335:      if (state->hand[player][i] == card) count++;
        -:  336:    }
        -:  337:
      143:  338:  for (i = 0; i < state->discardCount[player]; i++)
        -:  339:    {
      132:  340:      if (state->discard[player][i] == card) count++;
        -:  341:    }
        -:  342:
       11:  343:  return count;
        -:  344:}
        -:  345:
     2297:  346:int whoseTurn(struct gameState *state) {
     2297:  347:  return state->whoseTurn;
        -:  348:}
        -:  349:
       69:  350:int endTurn(struct gameState *state) {
        -:  351:  int k;
        -:  352:  int i;
       69:  353:  int currentPlayer = whoseTurn(state);
        -:  354:  
        -:  355:  //Discard hand
      404:  356:  for (i = 0; i < state->handCount[currentPlayer]; i++){
      335:  357:    state->discard[currentPlayer][state->discardCount[currentPlayer]++] = state->hand[currentPlayer][i];//Discard
      335:  358:    state->hand[currentPlayer][i] = -1;//Set card to -1
        -:  359:  }
       69:  360:  state->handCount[currentPlayer] = 0;//Reset hand count
        -:  361:    
        -:  362:  //Code for determining the player
       69:  363:  if (currentPlayer < (state->numPlayers - 1)){ 
       46:  364:    state->whoseTurn = currentPlayer + 1;//Still safe to increment
        -:  365:  }
        -:  366:  else{
       23:  367:    state->whoseTurn = 0;//Max player has been reached, loop back around to player 1
        -:  368:  }
        -:  369:
       69:  370:  state->outpostPlayed = 0;
       69:  371:  state->phase = 0;
       69:  372:  state->numActions = 1;
       69:  373:  state->coins = 0;
       69:  374:  state->numBuys = 1;
       69:  375:  state->playedCardCount = 0;
       69:  376:  state->handCount[state->whoseTurn] = 0;
        -:  377:
        -:  378:  //int k; move to top
        -:  379:  //Next player draws hand
      414:  380:  for (k = 0; k < 5; k++){
      345:  381:    drawCard(state->whoseTurn, state);//Draw a card
        -:  382:  }
        -:  383:
        -:  384:  //Update money
       69:  385:  updateCoins(state->whoseTurn, state , 0);
        -:  386:
       69:  387:  return 0;
        -:  388:}
        -:  389:
       69:  390:int isGameOver(struct gameState *state) {
        -:  391:  int i;
        -:  392:  int j;
        -:  393:	
        -:  394:  //if stack of Province cards is empty, the game ends
       69:  395:  if (state->supplyCount[province] == 0)
        -:  396:    {
        1:  397:      return 1;
        -:  398:    }
        -:  399:
        -:  400:  //if three supply pile are at 0, the game ends
       68:  401:  j = 0;
     1768:  402:  for (i = 0; i < 25; i++)
        -:  403:    {
     1700:  404:      if (state->supplyCount[i] == 0)
        -:  405:	{
        5:  406:	  j++;
        -:  407:	}
        -:  408:    }
       68:  409:  if ( j >= 3)
        -:  410:    {
    #####:  411:      return 1;
        -:  412:    }
        -:  413:
       68:  414:  return 0;
        -:  415:}
        -:  416:
        3:  417:int scoreFor (int player, struct gameState *state) {
        -:  418:
        -:  419:  int i;
        3:  420:  int score = 0;
        -:  421:  //score from hand
        8:  422:  for (i = 0; i < state->handCount[player]; i++)
        -:  423:    {
        5:  424:      if (state->hand[player][i] == curse) { score = score - 1; };
        5:  425:      if (state->hand[player][i] == estate) { score = score + 1; };
        5:  426:      if (state->hand[player][i] == duchy) { score = score + 3; };
        5:  427:      if (state->hand[player][i] == province) { score = score + 6; };
        5:  428:      if (state->hand[player][i] == great_hall) { score = score + 1; };
        5:  429:      if (state->hand[player][i] == gardens) { score = score + ( fullDeckCount(player, 0, state) / 10 ); };
        -:  430:    }
        -:  431:
        -:  432:  //score from discard
       45:  433:  for (i = 0; i < state->discardCount[player]; i++)
        -:  434:    {
       42:  435:      if (state->discard[player][i] == curse) { score = score - 1; };
       42:  436:      if (state->discard[player][i] == estate) { score = score + 1; };
       42:  437:      if (state->discard[player][i] == duchy) { score = score + 3; };
       42:  438:      if (state->discard[player][i] == province) { score = score + 6; };
       42:  439:      if (state->discard[player][i] == great_hall) { score = score + 1; };
       42:  440:      if (state->discard[player][i] == gardens) { score = score + ( fullDeckCount(player, 0, state) / 10 ); };
        -:  441:    }
        -:  442:
        -:  443:  //score from deck
       45:  444:  for (i = 0; i < state->discardCount[player]; i++)
        -:  445:    {
       42:  446:      if (state->deck[player][i] == curse) { score = score - 1; };
       42:  447:      if (state->deck[player][i] == estate) { score = score + 1; };
       42:  448:      if (state->deck[player][i] == duchy) { score = score + 3; };
       42:  449:      if (state->deck[player][i] == province) { score = score + 6; };
       42:  450:      if (state->deck[player][i] == great_hall) { score = score + 1; };
       42:  451:      if (state->deck[player][i] == gardens) { score = score + ( fullDeckCount(player, 0, state) / 10 ); };
        -:  452:    }
        -:  453:
        3:  454:  return score;
        -:  455:}
        -:  456:
    #####:  457:int getWinners(int players[MAX_PLAYERS], struct gameState *state) {
        -:  458:  int i;	
        -:  459:  int j;
        -:  460:  int highScore;
        -:  461:  int currentPlayer;
        -:  462:
        -:  463:  //get score for each player
    #####:  464:  for (i = 0; i < MAX_PLAYERS; i++)
        -:  465:    {
        -:  466:      //set unused player scores to -9999
    #####:  467:      if (i >= state->numPlayers)
        -:  468:	{
    #####:  469:	  players[i] = -9999;
        -:  470:	}
        -:  471:      else
        -:  472:	{
    #####:  473:	  players[i] = scoreFor (i, state);
        -:  474:	}
        -:  475:    }
        -:  476:
        -:  477:  //find highest score
    #####:  478:  j = 0;
    #####:  479:  for (i = 0; i < MAX_PLAYERS; i++)
        -:  480:    {
    #####:  481:      if (players[i] > players[j])
        -:  482:	{
    #####:  483:	  j = i;
        -:  484:	}
        -:  485:    }
    #####:  486:  highScore = players[j];
        -:  487:
        -:  488:  //add 1 to players who had less turns
    #####:  489:  currentPlayer = whoseTurn(state);
    #####:  490:  for (i = 0; i < MAX_PLAYERS; i++)
        -:  491:    {
    #####:  492:      if ( players[i] == highScore && i > currentPlayer )
        -:  493:	{
    #####:  494:	  players[i]++;
        -:  495:	}
        -:  496:    }
        -:  497:
        -:  498:  //find new highest score
    #####:  499:  j = 0;
    #####:  500:  for (i = 0; i < MAX_PLAYERS; i++)
        -:  501:    {
    #####:  502:      if ( players[i] > players[j] )
        -:  503:	{
    #####:  504:	  j = i;
        -:  505:	}
        -:  506:    }
    #####:  507:  highScore = players[j];
        -:  508:
        -:  509:  //set winners in array to 1 and rest to 0
    #####:  510:  for (i = 0; i < MAX_PLAYERS; i++)
        -:  511:    {
    #####:  512:      if ( players[i] == highScore )
        -:  513:	{
    #####:  514:	  players[i] = 1;
        -:  515:	}
        -:  516:      else
        -:  517:	{
    #####:  518:	  players[i] = 0;
        -:  519:	}
        -:  520:    }
        -:  521:
    #####:  522:  return 0;
        -:  523:}
        -:  524:
      350:  525:int drawCard(int player, struct gameState *state)
        -:  526:{	int count;
        -:  527:  int deckCounter;
      350:  528:  if (state->deckCount[player] <= 0){//Deck is empty
        -:  529:    
        -:  530:    //Step 1 Shuffle the discard pile back into a deck
        -:  531:    int i;
        -:  532:    //Move discard to deck
      377:  533:    for (i = 0; i < state->discardCount[player];i++){
      355:  534:      state->deck[player][i] = state->discard[player][i];
      355:  535:      state->discard[player][i] = -1;
        -:  536:    }
        -:  537:
       22:  538:    state->deckCount[player] = state->discardCount[player];
       22:  539:    state->discardCount[player] = 0;//Reset discard
        -:  540:
        -:  541:    //Shufffle the deck
       22:  542:    shuffle(player, state);//Shuffle the deck up and make it so that we can draw
        -:  543:   
       22:  544:    if (DEBUG){//Debug statements
        -:  545:      printf("Deck count now: %d\n", state->deckCount[player]);
        -:  546:    }
        -:  547:    
       22:  548:    state->discardCount[player] = 0;
        -:  549:
        -:  550:    //Step 2 Draw Card
       22:  551:    count = state->handCount[player];//Get current player's hand count
        -:  552:    
       22:  553:    if (DEBUG){//Debug statements
        -:  554:      printf("Current hand count: %d\n", count);
        -:  555:    }
        -:  556:    
       22:  557:    deckCounter = state->deckCount[player];//Create a holder for the deck count
        -:  558:
       22:  559:    if (deckCounter == 0)
    #####:  560:      return -1;
        -:  561:
       22:  562:    state->hand[player][count] = state->deck[player][deckCounter - 1];//Add card to hand
       22:  563:    state->deckCount[player]--;
       22:  564:    state->handCount[player]++;//Increment hand count
        -:  565:  }
        -:  566:
        -:  567:  else{
      328:  568:    int count = state->handCount[player];//Get current hand count for player
        -:  569:    int deckCounter;
      328:  570:    if (DEBUG){//Debug statements
        -:  571:      printf("Current hand count: %d\n", count);
        -:  572:    }
        -:  573:
      328:  574:    deckCounter = state->deckCount[player];//Create holder for the deck count
      328:  575:    state->hand[player][count] = state->deck[player][deckCounter - 1];//Add card to the hand
      328:  576:    state->deckCount[player]--;
      328:  577:    state->handCount[player]++;//Increment hand count
        -:  578:  }
        -:  579:
      350:  580:  return 0;
        -:  581:}
        -:  582:
      128:  583:int getCost(int cardNumber)
        -:  584:{
      128:  585:  switch( cardNumber ) 
        -:  586:    {
        -:  587:    case curse:
    #####:  588:      return 0;
        -:  589:    case estate:
    #####:  590:      return 2;
        -:  591:    case duchy:
    #####:  592:      return 5;
        -:  593:    case province:
       24:  594:      return 8;
        -:  595:    case copper:
    #####:  596:      return 0;
        -:  597:    case silver:
       28:  598:      return 3;
        -:  599:    case gold:
       18:  600:      return 6;
        -:  601:    case adventurer:
    #####:  602:      return 6;
        -:  603:    case council_room:
    #####:  604:      return 5;
        -:  605:    case feast:
    #####:  606:      return 4;
        -:  607:    case gardens:
       24:  608:      return 4;
        -:  609:    case mine:
    #####:  610:      return 5;
        -:  611:    case remodel:
    #####:  612:      return 4;
        -:  613:    case smithy:
    #####:  614:      return 4;
        -:  615:    case village:
    #####:  616:      return 3;
        -:  617:    case baron:
    #####:  618:      return 4;
        -:  619:    case great_hall:
    #####:  620:      return 3;
        -:  621:    case minion:
    #####:  622:      return 5;
        -:  623:    case steward:
    #####:  624:      return 3;
        -:  625:    case tribute:
    #####:  626:      return 5;
        -:  627:    case ambassador:
    #####:  628:      return 3;
        -:  629:    case cutpurse:
    #####:  630:      return 4;
        -:  631:    case embargo: 
    #####:  632:      return 2;
        -:  633:    case outpost:
       16:  634:      return 5;
        -:  635:    case salvager:
    #####:  636:      return 4;
        -:  637:    case sea_hag:
    #####:  638:      return 4;
        -:  639:    case treasure_map:
       18:  640:      return 4;
        -:  641:    }
        -:  642:	
    #####:  643:  return -1;
        -:  644:}
    #####:  645:void adventurerEffect(int drawntreasure, struct gameState *state, int currentPlayer, int *temphand, int z){
        -:  646:
    #####:  647:	while(drawntreasure<2){
    #####:  648:		if (state->deckCount[currentPlayer] <1){//if the deck is empty we need to shuffle discard and add to deck
    #####:  649:			shuffle(currentPlayer, state);
        -:  650:		}
    #####:  651:		drawCard(currentPlayer, state);
    #####:  652:		int cardDrawn = state->hand[currentPlayer][state->handCount[currentPlayer]-1];//top card of hand is most recently drawn card.
    #####:  653:		if (cardDrawn == copper || cardDrawn == silver || cardDrawn == gold)
    #####:  654:			drawntreasure++;
        -:  655:		else{
    #####:  656:			temphand[z]=cardDrawn;
    #####:  657:			state->handCount[currentPlayer]--; //this should just remove the top card (the most recently drawn one).
    #####:  658:			z++;
        -:  659:		}
        -:  660:	}
    #####:  661:	while(z-1>=0){
    #####:  662:		state->discard[currentPlayer][state->discardCount[currentPlayer]++]=temphand[z-1]; // discard all cards in play that have been drawn
    #####:  663:		z=z-1;
        -:  664:	}
    #####:  665:}
    #####:  666:void feastEffect(struct gameState *state, int currentPlayer, int choice1, int *temphand){
        -:  667:	//gain card with cost up to 5
        -:  668:    //Backup hand
        -:  669:	int i;
        -:  670:	int x;
    #####:  671:    for (i = 0; i <= state->handCount[currentPlayer]; i++){
    #####:  672:		temphand[i] = state->hand[currentPlayer][i];//Backup card
    #####:  673:		state->hand[currentPlayer][i] = -1;//Set to nothing
        -:  674:    }
        -:  675:    //Backup hand
        -:  676:
        -:  677:    //Update Coins for Buy
    #####:  678:    updateCoins(currentPlayer, state, 5);
    #####:  679:    x = 1;//Condition to loop on
    #####:  680:    while( x == 1) {//Buy one card
    #####:  681:		if (supplyCount(choice1, state) <= 0){
    #####:  682:			if (DEBUG)
        -:  683:				printf("None of that card left, sorry!\n");
        -:  684:
    #####:  685:			if (DEBUG){
        -:  686:				printf("Cards Left: %d\n", supplyCount(choice1, state));
        -:  687:			}
        -:  688:		}
    #####:  689:		else if (state->coins < getCost(choice1)){
    #####:  690:			printf("That card is too expensive!\n");
        -:  691:
    #####:  692:			if (DEBUG){
        -:  693:				printf("Coins: %d < %d\n", state->coins, getCost(choice1));
        -:  694:			}
        -:  695:		}
        -:  696:		else{
        -:  697:
    #####:  698:			if (DEBUG){
        -:  699:				printf("Deck Count: %d\n", state->handCount[currentPlayer] + state->deckCount[currentPlayer] + state->discardCount[currentPlayer]);
        -:  700:			}
        -:  701:
    #####:  702:			gainCard(choice1, state, 0, currentPlayer);//Gain the card
    #####:  703:			x = 0;//No more buying cards
        -:  704:
    #####:  705:			if (DEBUG){
        -:  706:				printf("Deck Count: %d\n", state->handCount[currentPlayer] + state->deckCount[currentPlayer] + state->discardCount[currentPlayer]);
        -:  707:			}
        -:  708:
        -:  709:		}
        -:  710:    }     
        -:  711:
        -:  712:      //Reset Hand
    #####:  713:    for (i = 0; i <= state->handCount[currentPlayer]; i++){
    #####:  714:		state->hand[currentPlayer][i] = temphand[i];
    #####:  715:		temphand[i] = -1;
        -:  716:    }
        -:  717:      //Reset Hand
        -:  718:	
    #####:  719:}
    #####:  720:void cutpurseEffect(int currentPlayer, struct gameState *state, int handPos){
        -:  721:	int i, j, k;
    #####:  722:	updateCoins(currentPlayer, state, 2);
    #####:  723:    for (i = 0; i < state->numPlayers; i++){
    #####:  724:		if (i != currentPlayer){
    #####:  725:			for (j = 0; j < state->handCount[i]; j++){
    #####:  726:				if (state->hand[i][j] == copper){
    #####:  727:					discardCard(i, j, state, 0);
    #####:  728:					break;
        -:  729:				}
    #####:  730:				if (j == state->handCount[i]){
    #####:  731:					for (k = 0; k < state->handCount[i]; k++){
    #####:  732:					if (DEBUG)
        -:  733:						printf("Player %d reveals card number %d\n", i, state->hand[i][k]);
        -:  734:					}	
    #####:  735:					break;
        -:  736:				}		
        -:  737:			}
        -:  738:					
        -:  739:	    }
        -:  740:				
        -:  741:	}				
        -:  742:
        -:  743:    //discard played card from hand
    #####:  744:    discardCard(handPos, currentPlayer, state, 0);
        -:  745:	
    #####:  746:}
    #####:  747:int embargoEffect(struct gameState *state, int choice1, int handPos, int currentPlayer){
        -:  748:	//+2 Coins
    #####:  749:    state->coins = state->coins + 2;
        -:  750:			
        -:  751:    //see if selected pile is in play
    #####:  752:    if ( state->supplyCount[choice1] == -1 ){
    #####:  753:		return 1;
        -:  754:	}
        -:  755:			
        -:  756:    //add embargo token to selected supply pile
    #####:  757:    state->embargoTokens[choice1]++;
        -:  758:			
        -:  759:    //trash card
    #####:  760:    discardCard(handPos, currentPlayer, state, 1);		
    #####:  761:    return 0;
        -:  762:}
    #####:  763:void greathallEffect(int currentPlayer, struct gameState *state, int handPos){
        -:  764:	//+1 Card
    #####:  765:    drawCard(currentPlayer, state);
        -:  766:			
        -:  767:    //+1 Actions
    #####:  768:    state->numActions++;
        -:  769:			
        -:  770:    //discard card from hand
    #####:  771:    discardCard(handPos, currentPlayer, state, 0);
    #####:  772:}
       31:  773:int cardEffect(int card, int choice1, int choice2, int choice3, struct gameState *state, int handPos, int *bonus)
        -:  774:{
        -:  775:  int i;
        -:  776:  int j;
        -:  777:  int k;
        -:  778:  int x;
        -:  779:  int index;
       31:  780:  int currentPlayer = whoseTurn(state);
       31:  781:  int nextPlayer = currentPlayer + 1;
        -:  782:
       31:  783:  int tributeRevealedCards[2] = {-1, -1};
        -:  784:  int temphand[MAX_HAND];// moved above the if statement
       31:  785:  int drawntreasure=0;
        -:  786:  int cardDrawn;
       31:  787:  int z = 0;// this is the counter for the temp hand
       31:  788:  if (nextPlayer > (state->numPlayers - 1)){
        6:  789:    nextPlayer = 0;
        -:  790:  }
        -:  791:  
        -:  792:	
        -:  793:  //uses switch to select card and perform actions
       31:  794:  switch( card ) 
        -:  795:    {
        -:  796:    case adventurer:
    #####:  797:		adventurerEffect(drawntreasure, state, currentPlayer, temphand, z);
    #####:  798:		return 0;
        -:  799:			
        -:  800:    case council_room:
        -:  801:      //+4 Cards
    #####:  802:      for (i = 0; i < 4; i++)
        -:  803:	{
    #####:  804:	  drawCard(currentPlayer, state);
        -:  805:	}
        -:  806:			
        -:  807:      //+1 Buy
    #####:  808:      state->numBuys++;
        -:  809:			
        -:  810:      //Each other player draws a card
    #####:  811:      for (i = 0; i < state->numPlayers; i++)
        -:  812:	{
    #####:  813:	  if ( i != currentPlayer )
        -:  814:	    {
    #####:  815:	      drawCard(i, state);
        -:  816:	    }
        -:  817:	}
        -:  818:			
        -:  819:      //put played card in played card pile
    #####:  820:      discardCard(handPos, currentPlayer, state, 0);
        -:  821:			
    #####:  822:      return 0;
        -:  823:			
        -:  824:    case feast:
    #####:  825:		feastEffect(state, currentPlayer, choice1, temphand);	
    #####:  826:		return 0;
        -:  827:			
        -:  828:    case gardens:
       17:  829:      return -1;
        -:  830:			
        -:  831:    case mine:
    #####:  832:      j = state->hand[currentPlayer][choice1];  //store card we will trash
        -:  833:
    #####:  834:      if (state->hand[currentPlayer][choice1] < copper || state->hand[currentPlayer][choice1] > gold)
        -:  835:	{
    #####:  836:	  return -1;
        -:  837:	}
        -:  838:		
    #####:  839:      if (choice2 > treasure_map || choice2 < curse)
        -:  840:	{
    #####:  841:	  return -1;
        -:  842:	}
        -:  843:
    #####:  844:      if ( (getCost(state->hand[currentPlayer][choice1]) + 3) > getCost(choice2) )
        -:  845:	{
    #####:  846:	  return -1;
        -:  847:	}
        -:  848:
    #####:  849:      gainCard(choice2, state, 2, currentPlayer);
        -:  850:
        -:  851:      //discard card from hand
    #####:  852:      discardCard(handPos, currentPlayer, state, 0);
        -:  853:
        -:  854:      //discard trashed card
    #####:  855:      for (i = 0; i < state->handCount[currentPlayer]; i++)
        -:  856:	{
    #####:  857:	  if (state->hand[currentPlayer][i] == j)
        -:  858:	    {
    #####:  859:	      discardCard(i, currentPlayer, state, 0);			
    #####:  860:	      break;
        -:  861:	    }
        -:  862:	}
        -:  863:			
    #####:  864:      return 0;
        -:  865:			
        -:  866:    case remodel:
    #####:  867:      j = state->hand[currentPlayer][choice1];  //store card we will trash
        -:  868:
    #####:  869:      if ( (getCost(state->hand[currentPlayer][choice1]) + 2) > getCost(choice2) )
        -:  870:	{
    #####:  871:	  return -1;
        -:  872:	}
        -:  873:
    #####:  874:      gainCard(choice2, state, 0, currentPlayer);
        -:  875:
        -:  876:      //discard card from hand
    #####:  877:      discardCard(handPos, currentPlayer, state, 0);
        -:  878:
        -:  879:      //discard trashed card
    #####:  880:      for (i = 0; i < state->handCount[currentPlayer]; i++)
        -:  881:	{
    #####:  882:	  if (state->hand[currentPlayer][i] == j)
        -:  883:	    {
    #####:  884:	      discardCard(i, currentPlayer, state, 0);			
    #####:  885:	      break;
        -:  886:	    }
        -:  887:	}
        -:  888:
        -:  889:
    #####:  890:      return 0;
        -:  891:		
        -:  892:    case smithy:
        -:  893:      //+3 Cards
    #####:  894:      for (i = 0; i < 3; i++)
        -:  895:	{
    #####:  896:	  drawCard(currentPlayer, state);
        -:  897:	}
        -:  898:			
        -:  899:      //discard card from hand
    #####:  900:      discardCard(handPos, currentPlayer, state, 0);
    #####:  901:      return 0;
        -:  902:		
        -:  903:    case village:
        -:  904:      //+1 Card
    #####:  905:      drawCard(currentPlayer, state);
        -:  906:			
        -:  907:      //+2 Actions
    #####:  908:      state->numActions = state->numActions + 2;
        -:  909:			
        -:  910:      //discard played card from hand
    #####:  911:      discardCard(handPos, currentPlayer, state, 0);
    #####:  912:      return 0;
        -:  913:		
        -:  914:    case baron:
    #####:  915:      state->numBuys++;//Increase buys by 1!
    #####:  916:      if (choice1 > 0){//Boolean true or going to discard an estate
    #####:  917:	int p = 0;//Iterator for hand!
    #####:  918:	int card_not_discarded = 1;//Flag for discard set!
    #####:  919:	while(card_not_discarded){
    #####:  920:	  if (state->hand[currentPlayer][p] == estate){//Found an estate card!
    #####:  921:	    state->coins += 4;//Add 4 coins to the amount of coins
    #####:  922:	    state->discard[currentPlayer][state->discardCount[currentPlayer]] = state->hand[currentPlayer][p];
    #####:  923:	    state->discardCount[currentPlayer]++;
    #####:  924:	    for (;p < state->handCount[currentPlayer]; p++){
    #####:  925:	      state->hand[currentPlayer][p] = state->hand[currentPlayer][p+1];
        -:  926:	    }
    #####:  927:	    state->hand[currentPlayer][state->handCount[currentPlayer]] = -1;
    #####:  928:	    state->handCount[currentPlayer]--;
    #####:  929:	    card_not_discarded = 0;//Exit the loop
        -:  930:	  }
    #####:  931:	  else if (p > state->handCount[currentPlayer]){
    #####:  932:	    if(DEBUG) {
        -:  933:	      printf("No estate cards in your hand, invalid choice\n");
        -:  934:	      printf("Must gain an estate if there are any\n");
        -:  935:	    }
    #####:  936:	    if (supplyCount(estate, state) > 0){
    #####:  937:	      gainCard(estate, state, 0, currentPlayer);
    #####:  938:	      state->supplyCount[estate]--;//Decrement estates
    #####:  939:	      if (supplyCount(estate, state) == 0){
    #####:  940:		isGameOver(state);
        -:  941:	      }
        -:  942:	    }
    #####:  943:	    card_not_discarded = 0;//Exit the loop
        -:  944:	  }
        -:  945:			    
        -:  946:	  else{
    #####:  947:	    p++;//Next card
        -:  948:	  }
        -:  949:	}
        -:  950:      }
        -:  951:			    
        -:  952:      else{
    #####:  953:	if (supplyCount(estate, state) > 0){
    #####:  954:	  gainCard(estate, state, 0, currentPlayer);//Gain an estate
    #####:  955:	  state->supplyCount[estate]--;//Decrement Estates
    #####:  956:	  if (supplyCount(estate, state) == 0){
    #####:  957:	    isGameOver(state);
        -:  958:	  }
        -:  959:	}
        -:  960:      }
        -:  961:	    
        -:  962:      
    #####:  963:      return 0;
        -:  964:		
        -:  965:    case great_hall:
    #####:  966:      greathallEffect(currentPlayer, state, handPos);
    #####:  967:      return 0;
        -:  968:		
        -:  969:    case minion:
        -:  970:      //+1 action
    #####:  971:      state->numActions++;
        -:  972:			
        -:  973:      //discard card from hand
    #####:  974:      discardCard(handPos, currentPlayer, state, 0);
        -:  975:			
    #####:  976:      if (choice1)		//+2 coins
        -:  977:	{
    #####:  978:	  state->coins = state->coins + 2;
        -:  979:	}
        -:  980:			
    #####:  981:      else if (choice2)		//discard hand, redraw 4, other players with 5+ cards discard hand and draw 4
        -:  982:	{
        -:  983:	  //discard hand
    #####:  984:	  while(numHandCards(state) > 0)
        -:  985:	    {
    #####:  986:	      discardCard(handPos, currentPlayer, state, 0);
        -:  987:	    }
        -:  988:				
        -:  989:	  //draw 4
    #####:  990:	  for (i = 0; i < 4; i++)
        -:  991:	    {
    #####:  992:	      drawCard(currentPlayer, state);
        -:  993:	    }
        -:  994:				
        -:  995:	  //other players discard hand and redraw if hand size > 4
    #####:  996:	  for (i = 0; i < state->numPlayers; i++)
        -:  997:	    {
    #####:  998:	      if (i != currentPlayer)
        -:  999:		{
    #####: 1000:		  if ( state->handCount[i] > 4 )
        -: 1001:		    {
        -: 1002:		      //discard hand
    #####: 1003:		      while( state->handCount[i] > 0 )
        -: 1004:			{
    #####: 1005:			  discardCard(handPos, i, state, 0);
        -: 1006:			}
        -: 1007:							
        -: 1008:		      //draw 4
    #####: 1009:		      for (j = 0; j < 4; j++)
        -: 1010:			{
    #####: 1011:			  drawCard(i, state);
        -: 1012:			}
        -: 1013:		    }
        -: 1014:		}
        -: 1015:	    }
        -: 1016:				
        -: 1017:	}
    #####: 1018:      return 0;
        -: 1019:		
        -: 1020:    case steward:
    #####: 1021:      if (choice1 == 1)
        -: 1022:	{
        -: 1023:	  //+2 cards
    #####: 1024:	  drawCard(currentPlayer, state);
    #####: 1025:	  drawCard(currentPlayer, state);
        -: 1026:	}
    #####: 1027:      else if (choice1 == 2)
        -: 1028:	{
        -: 1029:	  //+2 coins
    #####: 1030:	  state->coins = state->coins + 2;
        -: 1031:	}
        -: 1032:      else
        -: 1033:	{
        -: 1034:	  //trash 2 cards in hand
    #####: 1035:	  discardCard(choice2, currentPlayer, state, 1);
    #####: 1036:	  discardCard(choice3, currentPlayer, state, 1);
        -: 1037:	}
        -: 1038:			
        -: 1039:      //discard card from hand
    #####: 1040:      discardCard(handPos, currentPlayer, state, 0);
    #####: 1041:      return 0;
        -: 1042:		
        -: 1043:    case tribute:
    #####: 1044:      if ((state->discardCount[nextPlayer] + state->deckCount[nextPlayer]) <= 1){
    #####: 1045:	if (state->deckCount[nextPlayer] > 0){
    #####: 1046:	  tributeRevealedCards[0] = state->deck[nextPlayer][state->deckCount[nextPlayer]-1];
    #####: 1047:	  state->deckCount[nextPlayer]--;
        -: 1048:	}
    #####: 1049:	else if (state->discardCount[nextPlayer] > 0){
    #####: 1050:	  tributeRevealedCards[0] = state->discard[nextPlayer][state->discardCount[nextPlayer]-1];
    #####: 1051:	  state->discardCount[nextPlayer]--;
        -: 1052:	}
        -: 1053:	else{
        -: 1054:	  //No Card to Reveal
    #####: 1055:	  if (DEBUG){
        -: 1056:	    printf("No cards to reveal\n");
        -: 1057:	  }
        -: 1058:	}
        -: 1059:      }
        -: 1060:	    
        -: 1061:      else{
    #####: 1062:	if (state->deckCount[nextPlayer] == 0){
    #####: 1063:	  for (i = 0; i < state->discardCount[nextPlayer]; i++){
    #####: 1064:	    state->deck[nextPlayer][i] = state->discard[nextPlayer][i];//Move to deck
    #####: 1065:	    state->deckCount[nextPlayer]++;
    #####: 1066:	    state->discard[nextPlayer][i] = -1;
    #####: 1067:	    state->discardCount[nextPlayer]--;
        -: 1068:	  }
        -: 1069:			    
    #####: 1070:	  shuffle(nextPlayer,state);//Shuffle the deck
        -: 1071:	} 
    #####: 1072:	tributeRevealedCards[0] = state->deck[nextPlayer][state->deckCount[nextPlayer]-1];
    #####: 1073:	state->deck[nextPlayer][state->deckCount[nextPlayer]--] = -1;
    #####: 1074:	state->deckCount[nextPlayer]--;
    #####: 1075:	tributeRevealedCards[1] = state->deck[nextPlayer][state->deckCount[nextPlayer]-1];
    #####: 1076:	state->deck[nextPlayer][state->deckCount[nextPlayer]--] = -1;
    #####: 1077:	state->deckCount[nextPlayer]--;
        -: 1078:      }    
        -: 1079:		       
    #####: 1080:      if (tributeRevealedCards[0] == tributeRevealedCards[1]){//If we have a duplicate card, just drop one 
    #####: 1081:	state->playedCards[state->playedCardCount] = tributeRevealedCards[1];
    #####: 1082:	state->playedCardCount++;
    #####: 1083:	tributeRevealedCards[1] = -1;
        -: 1084:      }
        -: 1085:
    #####: 1086:      for (i = 0; i <= 2; i ++){
    #####: 1087:	if (tributeRevealedCards[i] == copper || tributeRevealedCards[i] == silver || tributeRevealedCards[i] == gold){//Treasure cards
    #####: 1088:	  state->coins += 2;
        -: 1089:	}
        -: 1090:		    
    #####: 1091:	else if (tributeRevealedCards[i] == estate || tributeRevealedCards[i] == duchy || tributeRevealedCards[i] == province || tributeRevealedCards[i] == gardens || tributeRevealedCards[i] == great_hall){//Victory Card Found
    #####: 1092:	  drawCard(currentPlayer, state);
    #####: 1093:	  drawCard(currentPlayer, state);
        -: 1094:	}
        -: 1095:	else{//Action Card
    #####: 1096:	  state->numActions = state->numActions + 2;
        -: 1097:	}
        -: 1098:      }
        -: 1099:	    
    #####: 1100:      return 0;
        -: 1101:		
        -: 1102:    case ambassador:
    #####: 1103:      j = 0;		//used to check if player has enough cards to discard
        -: 1104:
    #####: 1105:      if (choice2 > 2 || choice2 < 0)
        -: 1106:	{
    #####: 1107:	  return -1;				
        -: 1108:	}
        -: 1109:
    #####: 1110:      if (choice1 == handPos)
        -: 1111:	{
    #####: 1112:	  return -1;
        -: 1113:	}
        -: 1114:
    #####: 1115:      for (i = 0; i < state->handCount[currentPlayer]; i++)
        -: 1116:	{
    #####: 1117:	  if (i != handPos && i == state->hand[currentPlayer][choice1] && i != choice1)
        -: 1118:	    {
    #####: 1119:	      j++;
        -: 1120:	    }
        -: 1121:	}
    #####: 1122:      if (j < choice2)
        -: 1123:	{
    #####: 1124:	  return -1;				
        -: 1125:	}
        -: 1126:
    #####: 1127:      if (DEBUG) 
        -: 1128:	printf("Player %d reveals card number: %d\n", currentPlayer, state->hand[currentPlayer][choice1]);
        -: 1129:
        -: 1130:      //increase supply count for choosen card by amount being discarded
    #####: 1131:      state->supplyCount[state->hand[currentPlayer][choice1]] += choice2;
        -: 1132:			
        -: 1133:      //each other player gains a copy of revealed card
    #####: 1134:      for (i = 0; i < state->numPlayers; i++)
        -: 1135:	{
    #####: 1136:	  if (i != currentPlayer)
        -: 1137:	    {
    #####: 1138:	      gainCard(state->hand[currentPlayer][choice1], state, 0, i);
        -: 1139:	    }
        -: 1140:	}
        -: 1141:
        -: 1142:      //discard played card from hand
    #####: 1143:      discardCard(handPos, currentPlayer, state, 0);			
        -: 1144:
        -: 1145:      //trash copies of cards returned to supply
    #####: 1146:      for (j = 0; j < choice2; j++)
        -: 1147:	{
    #####: 1148:	  for (i = 0; i < state->handCount[currentPlayer]; i++)
        -: 1149:	    {
    #####: 1150:	      if (state->hand[currentPlayer][i] == state->hand[currentPlayer][choice1])
        -: 1151:		{
    #####: 1152:		  discardCard(i, currentPlayer, state, 1);
    #####: 1153:		  break;
        -: 1154:		}
        -: 1155:	    }
        -: 1156:	}			
        -: 1157:
    #####: 1158:      return 0;
        -: 1159:		
        -: 1160:    case cutpurse:
    #####: 1161:		cutpurseEffect(currentPlayer, state, handPos);		
    #####: 1162:		return 0;
        -: 1163:
        -: 1164:		
        -: 1165:    case embargo:
    #####: 1166:		return embargoEffect(state, choice1, handPos, currentPlayer);
        -: 1167:		
        -: 1168:    case outpost:
        -: 1169:      //set outpost flag
        6: 1170:      state->outpostPlayed++;
        -: 1171:			
        -: 1172:      //discard card
        6: 1173:      discardCard(handPos, currentPlayer, state, 0);
        6: 1174:      return 0;
        -: 1175:		
        -: 1176:    case salvager:
        -: 1177:      //+1 buy
    #####: 1178:      state->numBuys++;
        -: 1179:			
    #####: 1180:      if (choice1)
        -: 1181:	{
        -: 1182:	  //gain coins equal to trashed card
    #####: 1183:	  state->coins = state->coins + getCost( handCard(choice1, state) );
        -: 1184:	  //trash card
    #####: 1185:	  discardCard(choice1, currentPlayer, state, 1);	
        -: 1186:	}
        -: 1187:			
        -: 1188:      //discard card
    #####: 1189:      discardCard(handPos, currentPlayer, state, 0);
    #####: 1190:      return 0;
        -: 1191:		
        -: 1192:    case sea_hag:
    #####: 1193:      for (i = 0; i < state->numPlayers; i++){
    #####: 1194:	if (i != currentPlayer){
    #####: 1195:	  state->discard[i][state->discardCount[i]] = state->deck[i][state->deckCount[i]--];			    state->deckCount[i]--;
    #####: 1196:	  state->discardCount[i]++;
    #####: 1197:	  state->deck[i][state->deckCount[i]--] = curse;//Top card now a curse
        -: 1198:	}
        -: 1199:      }
    #####: 1200:      return 0;
        -: 1201:		
        -: 1202:    case treasure_map:
        -: 1203:      //search hand for another treasure_map
        8: 1204:      index = -1;
       41: 1205:      for (i = 0; i < state->handCount[currentPlayer]; i++)
        -: 1206:	{
       35: 1207:	  if (state->hand[currentPlayer][i] == treasure_map && i != handPos)
        -: 1208:	    {
        2: 1209:	      index = i;
        2: 1210:	      break;
        -: 1211:	    }
        -: 1212:	}
        8: 1213:      if (index > -1)
        -: 1214:	{
        -: 1215:	  //trash both treasure cards
        2: 1216:	  discardCard(handPos, currentPlayer, state, 1);
        2: 1217:	  discardCard(index, currentPlayer, state, 1);
        -: 1218:
        -: 1219:	  //gain 4 Gold cards
       10: 1220:	  for (i = 0; i < 4; i++)
        -: 1221:	    {
        8: 1222:	      gainCard(gold, state, 1, currentPlayer);
        -: 1223:	    }
        -: 1224:				
        -: 1225:	  //return success
        2: 1226:	  return 1;
        -: 1227:	}
        -: 1228:			
        -: 1229:      //no second treasure_map found in hand
        6: 1230:      return -1;
        -: 1231:    }
        -: 1232:	
    #####: 1233:  return -1;
        -: 1234:}
        -: 1235:
       10: 1236:int discardCard(int handPos, int currentPlayer, struct gameState *state, int trashFlag)
        -: 1237:{
        -: 1238:	
        -: 1239:  //if card is not trashed, added to Played pile 
       10: 1240:  if (trashFlag < 1)
        -: 1241:    {
        -: 1242:      //add card to played pile
        6: 1243:      state->playedCards[state->playedCardCount] = state->hand[currentPlayer][handPos]; 
        6: 1244:      state->playedCardCount++;
        -: 1245:    }
        -: 1246:	
        -: 1247:  //set played card to -1
       10: 1248:  state->hand[currentPlayer][handPos] = -1;
        -: 1249:	
        -: 1250:  //remove card from player's hand
       10: 1251:  if ( handPos == (state->handCount[currentPlayer] - 1) ) 	//last card in hand array is played
        -: 1252:    {
        -: 1253:      //reduce number of cards in hand
        3: 1254:      state->handCount[currentPlayer]--;
        -: 1255:    }
        7: 1256:  else if ( state->handCount[currentPlayer] == 1 ) //only one card in hand
        -: 1257:    {
        -: 1258:      //reduce number of cards in hand
    #####: 1259:      state->handCount[currentPlayer]--;
        -: 1260:    }
        -: 1261:  else 	
        -: 1262:    {
        -: 1263:      //replace discarded card with last card in hand
        7: 1264:      state->hand[currentPlayer][handPos] = state->hand[currentPlayer][ (state->handCount[currentPlayer] - 1)];
        -: 1265:      //set last card to -1
        7: 1266:      state->hand[currentPlayer][state->handCount[currentPlayer] - 1] = -1;
        -: 1267:      //reduce number of cards in hand
        7: 1268:      state->handCount[currentPlayer]--;
        -: 1269:    }
        -: 1270:	
       10: 1271:  return 0;
        -: 1272:}
        -: 1273:
       70: 1274:int gainCard(int supplyPos, struct gameState *state, int toFlag, int player)
        -: 1275:{
        -: 1276:  //Note: supplyPos is enum of choosen card
        -: 1277:	
        -: 1278:  //check if supply pile is empty (0) or card is not used in game (-1)
       70: 1279:  if ( supplyCount(supplyPos, state) < 1 )
        -: 1280:    {
    #####: 1281:      return -1;
        -: 1282:    }
        -: 1283:	
        -: 1284:  //added card for [whoseTurn] current player:
        -: 1285:  // toFlag = 0 : add to discard
        -: 1286:  // toFlag = 1 : add to deck
        -: 1287:  // toFlag = 2 : add to hand
        -: 1288:
       70: 1289:  if (toFlag == 1)
        -: 1290:    {
        8: 1291:      state->deck[ player ][ state->deckCount[player] ] = supplyPos;
        8: 1292:      state->deckCount[player]++;
        -: 1293:    }
       62: 1294:  else if (toFlag == 2)
        -: 1295:    {
    #####: 1296:      state->hand[ player ][ state->handCount[player] ] = supplyPos;
    #####: 1297:      state->handCount[player]++;
        -: 1298:    }
        -: 1299:  else
        -: 1300:    {
       62: 1301:      state->discard[player][ state->discardCount[player] ] = supplyPos;
       62: 1302:      state->discardCount[player]++;
        -: 1303:    }
        -: 1304:	
        -: 1305:  //decrease number in supply pile
       70: 1306:  state->supplyCount[supplyPos]--;
        -: 1307:	 
       70: 1308:  return 0;
        -: 1309:}
        -: 1310:
       78: 1311:int updateCoins(int player, struct gameState *state, int bonus)
        -: 1312:{
        -: 1313:  int i;
        -: 1314:	
        -: 1315:  //reset coin count
       78: 1316:  state->coins = 0;
        -: 1317:
        -: 1318:  //add coins for each Treasure card in player's hand
      458: 1319:  for (i = 0; i < state->handCount[player]; i++)
        -: 1320:    {
      380: 1321:      if (state->hand[player][i] == copper)
        -: 1322:	{
      152: 1323:	  state->coins += 1;
        -: 1324:	}
      228: 1325:      else if (state->hand[player][i] == silver)
        -: 1326:	{
       58: 1327:	  state->coins += 2;
        -: 1328:	}
      170: 1329:      else if (state->hand[player][i] == gold)
        -: 1330:	{
       42: 1331:	  state->coins += 3;
        -: 1332:	}	
        -: 1333:    }	
        -: 1334:
        -: 1335:  //add bonus
       78: 1336:  state->coins += bonus;
        -: 1337:
       78: 1338:  return 0;
        -: 1339:}
        -: 1340:
        -: 1341:
        -: 1342://end of dominion.c
